ERROR - 2013-04-12T02:03:26+08:00 - exception 'Guzzle\Common\Exception\RuntimeException' with message 'Unable to parse response body into JSON: 4' in C:\xampp\htdocs\ta\vendor\guzzle\guzzle\src\Guzzle\Http\Message\Response.php:920
Stack trace:
#0 C:\xampp\htdocs\ta\src\TA\OAuth.php(88): Guzzle\Http\Message\Response->json()
#1 C:\xampp\htdocs\ta\src\TA\Client.php(68): TA\OAuth->get('http://api.loca...', Array)
#2 C:\xampp\htdocs\ta\public\index.php(156): TA\Client->gig_paginator(20, 1)
#3 [internal function]: {closure}()
#4 C:\xampp\htdocs\ta\vendor\slim\slim\Slim\Router.php(172): call_user_func_array(Object(Closure), Array)
#5 C:\xampp\htdocs\ta\vendor\slim\slim\Slim\Slim.php(1222): Slim\Router->dispatch(Object(Slim\Route))
#6 C:\xampp\htdocs\ta\vendor\slim\slim\Slim\Middleware\Flash.php(86): Slim\Slim->call()
#7 C:\xampp\htdocs\ta\vendor\slim\slim\Slim\Middleware\MethodOverride.php(94): Slim\Middleware\Flash->call()
#8 C:\xampp\htdocs\ta\vendor\slim\slim\Slim\Middleware\PrettyExceptions.php(67): Slim\Middleware\MethodOverride->call()
#9 C:\xampp\htdocs\ta\vendor\slim\slim\Slim\Slim.php(1174): Slim\Middleware\PrettyExceptions->call()
#10 C:\xampp\htdocs\ta\public\index.php(193): Slim\Slim->run()
#11 {main}
ERROR - 2013-04-12T02:04:28+08:00 - exception 'Guzzle\Common\Exception\RuntimeException' with message 'Unable to parse response body into JSON: 4' in C:\xampp\htdocs\ta\vendor\guzzle\guzzle\src\Guzzle\Http\Message\Response.php:920
Stack trace:
#0 C:\xampp\htdocs\ta\src\TA\OAuth.php(88): Guzzle\Http\Message\Response->json()
#1 C:\xampp\htdocs\ta\src\TA\Client.php(68): TA\OAuth->get('http://api.loca...', Array)
#2 C:\xampp\htdocs\ta\public\index.php(156): TA\Client->gig_paginator(20, 1)
#3 [internal function]: {closure}()
#4 C:\xampp\htdocs\ta\vendor\slim\slim\Slim\Router.php(172): call_user_func_array(Object(Closure), Array)
#5 C:\xampp\htdocs\ta\vendor\slim\slim\Slim\Slim.php(1222): Slim\Router->dispatch(Object(Slim\Route))
#6 C:\xampp\htdocs\ta\vendor\slim\slim\Slim\Middleware\Flash.php(86): Slim\Slim->call()
#7 C:\xampp\htdocs\ta\vendor\slim\slim\Slim\Middleware\MethodOverride.php(94): Slim\Middleware\Flash->call()
#8 C:\xampp\htdocs\ta\vendor\slim\slim\Slim\Middleware\PrettyExceptions.php(67): Slim\Middleware\MethodOverride->call()
#9 C:\xampp\htdocs\ta\vendor\slim\slim\Slim\Slim.php(1174): Slim\Middleware\PrettyExceptions->call()
#10 C:\xampp\htdocs\ta\public\index.php(193): Slim\Slim->run()
#11 {main}
ERROR - 2013-04-12T03:08:52+08:00 - exception 'Guzzle\Common\Exception\RuntimeException' with message 'Unable to parse response body into JSON: 4' in C:\xampp\htdocs\ta\vendor\guzzle\guzzle\src\Guzzle\Http\Message\Response.php:920
Stack trace:
#0 C:\xampp\htdocs\ta\src\TA\OAuth.php(88): Guzzle\Http\Message\Response->json()
#1 C:\xampp\htdocs\ta\src\TA\Client.php(68): TA\OAuth->get('http://api.loca...', Array)
#2 C:\xampp\htdocs\ta\public\index.php(156): TA\Client->gig_paginator(20, 1)
#3 [internal function]: {closure}()
#4 C:\xampp\htdocs\ta\vendor\slim\slim\Slim\Router.php(172): call_user_func_array(Object(Closure), Array)
#5 C:\xampp\htdocs\ta\vendor\slim\slim\Slim\Slim.php(1222): Slim\Router->dispatch(Object(Slim\Route))
#6 C:\xampp\htdocs\ta\vendor\slim\slim\Slim\Middleware\Flash.php(86): Slim\Slim->call()
#7 C:\xampp\htdocs\ta\vendor\slim\slim\Slim\Middleware\MethodOverride.php(94): Slim\Middleware\Flash->call()
#8 C:\xampp\htdocs\ta\vendor\slim\slim\Slim\Middleware\PrettyExceptions.php(67): Slim\Middleware\MethodOverride->call()
#9 C:\xampp\htdocs\ta\vendor\slim\slim\Slim\Slim.php(1174): Slim\Middleware\PrettyExceptions->call()
#10 C:\xampp\htdocs\ta\public\index.php(197): Slim\Slim->run()
#11 {main}
ERROR - 2013-04-12T03:12:24+08:00 - exception 'Twig_Error_Syntax' with message 'Unexpected token "punctuation" of value "," ("end of print statement" expected) in "cny15/cny15s.html" at line 47' in C:\xampp\htdocs\ta\vendor\twig\twig\lib\Twig\TokenStream.php:77
Stack trace:
#0 C:\xampp\htdocs\ta\vendor\twig\twig\lib\Twig\Parser.php(147): Twig_TokenStream->expect(4)
#1 C:\xampp\htdocs\ta\vendor\twig\twig\lib\Twig\TokenParser\For.php(48): Twig_Parser->subparse(Array)
#2 C:\xampp\htdocs\ta\vendor\twig\twig\lib\Twig\Parser.php(192): Twig_TokenParser_For->parse(Object(Twig_Token))
#3 C:\xampp\htdocs\ta\vendor\twig\twig\lib\Twig\Parser.php(100): Twig_Parser->subparse(NULL, false)
#4 C:\xampp\htdocs\ta\vendor\twig\twig\lib\Twig\Environment.php(480): Twig_Parser->parse(Object(Twig_TokenStream))
#5 C:\xampp\htdocs\ta\vendor\twig\twig\lib\Twig\Environment.php(530): Twig_Environment->parse(Object(Twig_TokenStream))
#6 C:\xampp\htdocs\ta\vendor\twig\twig\lib\Twig\Environment.php(324): Twig_Environment->compileSource('{{ include('lay...', 'cny15/cny15s.ht...')
#7 C:\xampp\htdocs\ta\vendor\slim\extras\Slim\Extras\Views\Twig.php(97): Twig_Environment->loadTemplate('cny15/cny15s.ht...')
#8 C:\xampp\htdocs\ta\vendor\slim\slim\Slim\View.php(195): Slim\Extras\Views\Twig->render('cny15/cny15s.ht...')
#9 C:\xampp\htdocs\ta\vendor\slim\slim\Slim\View.php(182): Slim\View->fetch('cny15/cny15s.ht...')
#10 C:\xampp\htdocs\ta\vendor\slim\slim\Slim\Slim.php(672): Slim\View->display('cny15/cny15s.ht...')
#11 C:\xampp\htdocs\ta\public\index.php(161): Slim\Slim->render('cny15/cny15s.ht...', Array)
#12 [internal function]: {closure}()
#13 C:\xampp\htdocs\ta\vendor\slim\slim\Slim\Router.php(172): call_user_func_array(Object(Closure), Array)
#14 C:\xampp\htdocs\ta\vendor\slim\slim\Slim\Slim.php(1222): Slim\Router->dispatch(Object(Slim\Route))
#15 C:\xampp\htdocs\ta\vendor\slim\slim\Slim\Middleware\Flash.php(86): Slim\Slim->call()
#16 C:\xampp\htdocs\ta\vendor\slim\slim\Slim\Middleware\MethodOverride.php(94): Slim\Middleware\Flash->call()
#17 C:\xampp\htdocs\ta\vendor\slim\slim\Slim\Middleware\PrettyExceptions.php(67): Slim\Middleware\MethodOverride->call()
#18 C:\xampp\htdocs\ta\vendor\slim\slim\Slim\Slim.php(1174): Slim\Middleware\PrettyExceptions->call()
#19 C:\xampp\htdocs\ta\public\index.php(197): Slim\Slim->run()
#20 {main}
ERROR - 2013-04-12T03:29:03+08:00 - exception 'ErrorException' with message 'Undefined variable: id' in C:\xampp\htdocs\ta\public\index.php:131
Stack trace:
#0 C:\xampp\htdocs\ta\public\index.php(131): Slim\Slim::handleErrors(8, 'Undefined varia...', 'C:\xampp\htdocs...', 131, Array)
#1 [internal function]: {closure}('14')
#2 C:\xampp\htdocs\ta\vendor\slim\slim\Slim\Router.php(172): call_user_func_array(Object(Closure), Array)
#3 C:\xampp\htdocs\ta\vendor\slim\slim\Slim\Slim.php(1222): Slim\Router->dispatch(Object(Slim\Route))
#4 C:\xampp\htdocs\ta\vendor\slim\slim\Slim\Middleware\Flash.php(86): Slim\Slim->call()
#5 C:\xampp\htdocs\ta\vendor\slim\slim\Slim\Middleware\MethodOverride.php(94): Slim\Middleware\Flash->call()
#6 C:\xampp\htdocs\ta\vendor\slim\slim\Slim\Middleware\PrettyExceptions.php(67): Slim\Middleware\MethodOverride->call()
#7 C:\xampp\htdocs\ta\vendor\slim\slim\Slim\Slim.php(1174): Slim\Middleware\PrettyExceptions->call()
#8 C:\xampp\htdocs\ta\public\index.php(199): Slim\Slim->run()
#9 {main}
ERROR - 2013-04-12T03:29:21+08:00 - exception 'ErrorException' with message 'Undefined variable: id' in C:\xampp\htdocs\ta\public\index.php:131
Stack trace:
#0 C:\xampp\htdocs\ta\public\index.php(131): Slim\Slim::handleErrors(8, 'Undefined varia...', 'C:\xampp\htdocs...', 131, Array)
#1 [internal function]: {closure}('14')
#2 C:\xampp\htdocs\ta\vendor\slim\slim\Slim\Router.php(172): call_user_func_array(Object(Closure), Array)
#3 C:\xampp\htdocs\ta\vendor\slim\slim\Slim\Slim.php(1222): Slim\Router->dispatch(Object(Slim\Route))
#4 C:\xampp\htdocs\ta\vendor\slim\slim\Slim\Middleware\Flash.php(86): Slim\Slim->call()
#5 C:\xampp\htdocs\ta\vendor\slim\slim\Slim\Middleware\MethodOverride.php(94): Slim\Middleware\Flash->call()
#6 C:\xampp\htdocs\ta\vendor\slim\slim\Slim\Middleware\PrettyExceptions.php(67): Slim\Middleware\MethodOverride->call()
#7 C:\xampp\htdocs\ta\vendor\slim\slim\Slim\Slim.php(1174): Slim\Middleware\PrettyExceptions->call()
#8 C:\xampp\htdocs\ta\public\index.php(199): Slim\Slim->run()
#9 {main}
ERROR - 2013-04-12T03:36:04+08:00 - exception 'Guzzle\Common\Exception\RuntimeException' with message 'Unable to parse response body into JSON: 4' in C:\xampp\htdocs\ta\vendor\guzzle\guzzle\src\Guzzle\Http\Message\Response.php:920
Stack trace:
#0 C:\xampp\htdocs\ta\src\TA\OAuth.php(88): Guzzle\Http\Message\Response->json()
#1 C:\xampp\htdocs\ta\src\TA\Client.php(72): TA\OAuth->get('http://api.loca...', Array)
#2 C:\xampp\htdocs\ta\public\index.php(185): TA\Client->gig_show('image.path')
#3 [internal function]: {closure}('image.path')
#4 C:\xampp\htdocs\ta\vendor\slim\slim\Slim\Router.php(172): call_user_func_array(Object(Closure), Array)
#5 C:\xampp\htdocs\ta\vendor\slim\slim\Slim\Slim.php(1222): Slim\Router->dispatch(Object(Slim\Route))
#6 C:\xampp\htdocs\ta\vendor\slim\slim\Slim\Middleware\Flash.php(86): Slim\Slim->call()
#7 C:\xampp\htdocs\ta\vendor\slim\slim\Slim\Middleware\MethodOverride.php(94): Slim\Middleware\Flash->call()
#8 C:\xampp\htdocs\ta\vendor\slim\slim\Slim\Middleware\PrettyExceptions.php(67): Slim\Middleware\MethodOverride->call()
#9 C:\xampp\htdocs\ta\vendor\slim\slim\Slim\Slim.php(1174): Slim\Middleware\PrettyExceptions->call()
#10 C:\xampp\htdocs\ta\public\index.php(199): Slim\Slim->run()
#11 {main}
ERROR - 2013-04-12T03:36:16+08:00 - exception 'Guzzle\Common\Exception\RuntimeException' with message 'Unable to parse response body into JSON: 4' in C:\xampp\htdocs\ta\vendor\guzzle\guzzle\src\Guzzle\Http\Message\Response.php:920
Stack trace:
#0 C:\xampp\htdocs\ta\src\TA\OAuth.php(88): Guzzle\Http\Message\Response->json()
#1 C:\xampp\htdocs\ta\src\TA\Client.php(72): TA\OAuth->get('http://api.loca...', Array)
#2 C:\xampp\htdocs\ta\public\index.php(185): TA\Client->gig_show('image.path')
#3 [internal function]: {closure}('image.path')
#4 C:\xampp\htdocs\ta\vendor\slim\slim\Slim\Router.php(172): call_user_func_array(Object(Closure), Array)
#5 C:\xampp\htdocs\ta\vendor\slim\slim\Slim\Slim.php(1222): Slim\Router->dispatch(Object(Slim\Route))
#6 C:\xampp\htdocs\ta\vendor\slim\slim\Slim\Middleware\Flash.php(86): Slim\Slim->call()
#7 C:\xampp\htdocs\ta\vendor\slim\slim\Slim\Middleware\MethodOverride.php(94): Slim\Middleware\Flash->call()
#8 C:\xampp\htdocs\ta\vendor\slim\slim\Slim\Middleware\PrettyExceptions.php(67): Slim\Middleware\MethodOverride->call()
#9 C:\xampp\htdocs\ta\vendor\slim\slim\Slim\Slim.php(1174): Slim\Middleware\PrettyExceptions->call()
#10 C:\xampp\htdocs\ta\public\index.php(199): Slim\Slim->run()
#11 {main}
