ERROR - 2013-04-03T21:04:53+08:00 - exception 'Twig_Error_Syntax' with message 'Unexpected token "name" of value "timeline" ("end of print statement" expected) in "home.html" at line 46' in C:\xampp\htdocs\ta\vendor\twig\twig\lib\Twig\TokenStream.php:77
Stack trace:
#0 C:\xampp\htdocs\ta\vendor\twig\twig\lib\Twig\Parser.php(147): Twig_TokenStream->expect(4)
#1 C:\xampp\htdocs\ta\vendor\twig\twig\lib\Twig\TokenParser\For.php(48): Twig_Parser->subparse(Array)
#2 C:\xampp\htdocs\ta\vendor\twig\twig\lib\Twig\Parser.php(192): Twig_TokenParser_For->parse(Object(Twig_Token))
#3 C:\xampp\htdocs\ta\vendor\twig\twig\lib\Twig\Parser.php(100): Twig_Parser->subparse(NULL, false)
#4 C:\xampp\htdocs\ta\vendor\twig\twig\lib\Twig\Environment.php(480): Twig_Parser->parse(Object(Twig_TokenStream))
#5 C:\xampp\htdocs\ta\vendor\twig\twig\lib\Twig\Environment.php(530): Twig_Environment->parse(Object(Twig_TokenStream))
#6 C:\xampp\htdocs\ta\vendor\twig\twig\lib\Twig\Environment.php(324): Twig_Environment->compileSource('{{ include('lay...', 'home.html')
#7 C:\xampp\htdocs\ta\vendor\slim\extras\Slim\Extras\Views\Twig.php(97): Twig_Environment->loadTemplate('home.html')
#8 C:\xampp\htdocs\ta\vendor\slim\slim\Slim\View.php(195): Slim\Extras\Views\Twig->render('home.html')
#9 C:\xampp\htdocs\ta\vendor\slim\slim\Slim\View.php(182): Slim\View->fetch('home.html')
#10 C:\xampp\htdocs\ta\vendor\slim\slim\Slim\Slim.php(672): Slim\View->display('home.html')
#11 C:\xampp\htdocs\ta\public\index.php(73): Slim\Slim->render('home.html', Array)
#12 [internal function]: {closure}()
#13 C:\xampp\htdocs\ta\vendor\slim\slim\Slim\Router.php(172): call_user_func_array(Object(Closure), Array)
#14 C:\xampp\htdocs\ta\vendor\slim\slim\Slim\Slim.php(1222): Slim\Router->dispatch(Object(Slim\Route))
#15 C:\xampp\htdocs\ta\vendor\slim\slim\Slim\Middleware\Flash.php(86): Slim\Slim->call()
#16 C:\xampp\htdocs\ta\vendor\slim\slim\Slim\Middleware\MethodOverride.php(94): Slim\Middleware\Flash->call()
#17 C:\xampp\htdocs\ta\vendor\slim\slim\Slim\Middleware\PrettyExceptions.php(67): Slim\Middleware\MethodOverride->call()
#18 C:\xampp\htdocs\ta\vendor\slim\slim\Slim\Slim.php(1174): Slim\Middleware\PrettyExceptions->call()
#19 C:\xampp\htdocs\ta\public\index.php(117): Slim\Slim->run()
#20 {main}
ERROR - 2013-04-03T21:06:17+08:00 - exception 'Twig_Error_Syntax' with message 'Unexpected token "name" of value "timeline" ("end of print statement" expected) in "home.html" at line 46' in C:\xampp\htdocs\ta\vendor\twig\twig\lib\Twig\TokenStream.php:77
Stack trace:
#0 C:\xampp\htdocs\ta\vendor\twig\twig\lib\Twig\Parser.php(147): Twig_TokenStream->expect(4)
#1 C:\xampp\htdocs\ta\vendor\twig\twig\lib\Twig\TokenParser\For.php(48): Twig_Parser->subparse(Array)
#2 C:\xampp\htdocs\ta\vendor\twig\twig\lib\Twig\Parser.php(192): Twig_TokenParser_For->parse(Object(Twig_Token))
#3 C:\xampp\htdocs\ta\vendor\twig\twig\lib\Twig\Parser.php(100): Twig_Parser->subparse(NULL, false)
#4 C:\xampp\htdocs\ta\vendor\twig\twig\lib\Twig\Environment.php(480): Twig_Parser->parse(Object(Twig_TokenStream))
#5 C:\xampp\htdocs\ta\vendor\twig\twig\lib\Twig\Environment.php(530): Twig_Environment->parse(Object(Twig_TokenStream))
#6 C:\xampp\htdocs\ta\vendor\twig\twig\lib\Twig\Environment.php(324): Twig_Environment->compileSource('{{ include('lay...', 'home.html')
#7 C:\xampp\htdocs\ta\vendor\slim\extras\Slim\Extras\Views\Twig.php(97): Twig_Environment->loadTemplate('home.html')
#8 C:\xampp\htdocs\ta\vendor\slim\slim\Slim\View.php(195): Slim\Extras\Views\Twig->render('home.html')
#9 C:\xampp\htdocs\ta\vendor\slim\slim\Slim\View.php(182): Slim\View->fetch('home.html')
#10 C:\xampp\htdocs\ta\vendor\slim\slim\Slim\Slim.php(672): Slim\View->display('home.html')
#11 C:\xampp\htdocs\ta\public\index.php(73): Slim\Slim->render('home.html', Array)
#12 [internal function]: {closure}()
#13 C:\xampp\htdocs\ta\vendor\slim\slim\Slim\Router.php(172): call_user_func_array(Object(Closure), Array)
#14 C:\xampp\htdocs\ta\vendor\slim\slim\Slim\Slim.php(1222): Slim\Router->dispatch(Object(Slim\Route))
#15 C:\xampp\htdocs\ta\vendor\slim\slim\Slim\Middleware\Flash.php(86): Slim\Slim->call()
#16 C:\xampp\htdocs\ta\vendor\slim\slim\Slim\Middleware\MethodOverride.php(94): Slim\Middleware\Flash->call()
#17 C:\xampp\htdocs\ta\vendor\slim\slim\Slim\Middleware\PrettyExceptions.php(67): Slim\Middleware\MethodOverride->call()
#18 C:\xampp\htdocs\ta\vendor\slim\slim\Slim\Slim.php(1174): Slim\Middleware\PrettyExceptions->call()
#19 C:\xampp\htdocs\ta\public\index.php(117): Slim\Slim->run()
#20 {main}
ERROR - 2013-04-03T21:12:03+08:00 - exception 'Guzzle\Common\Exception\RuntimeException' with message 'Unable to parse response body into JSON: 4' in C:\xampp\htdocs\ta\vendor\guzzle\guzzle\src\Guzzle\Http\Message\Response.php:920
Stack trace:
#0 C:\xampp\htdocs\ta\src\TA\OAuth.php(88): Guzzle\Http\Message\Response->json()
#1 C:\xampp\htdocs\ta\src\TA\Client.php(50): TA\OAuth->get('http://api.loca...', Array)
#2 C:\xampp\htdocs\ta\public\index.php(69): TA\Client->joined(13)
#3 [internal function]: {closure}()
#4 C:\xampp\htdocs\ta\vendor\slim\slim\Slim\Router.php(172): call_user_func_array(Object(Closure), Array)
#5 C:\xampp\htdocs\ta\vendor\slim\slim\Slim\Slim.php(1222): Slim\Router->dispatch(Object(Slim\Route))
#6 C:\xampp\htdocs\ta\vendor\slim\slim\Slim\Middleware\Flash.php(86): Slim\Slim->call()
#7 C:\xampp\htdocs\ta\vendor\slim\slim\Slim\Middleware\MethodOverride.php(94): Slim\Middleware\Flash->call()
#8 C:\xampp\htdocs\ta\vendor\slim\slim\Slim\Middleware\PrettyExceptions.php(67): Slim\Middleware\MethodOverride->call()
#9 C:\xampp\htdocs\ta\vendor\slim\slim\Slim\Slim.php(1174): Slim\Middleware\PrettyExceptions->call()
#10 C:\xampp\htdocs\ta\public\index.php(117): Slim\Slim->run()
#11 {main}
ERROR - 2013-04-03T21:39:57+08:00 - exception 'Twig_Error_Syntax' with message 'Unexpected token "punctuation" of value ":" ("end of print statement" expected) in "home.html" at line 45' in C:\xampp\htdocs\ta\vendor\twig\twig\lib\Twig\TokenStream.php:77
Stack trace:
#0 C:\xampp\htdocs\ta\vendor\twig\twig\lib\Twig\Parser.php(147): Twig_TokenStream->expect(4)
#1 C:\xampp\htdocs\ta\vendor\twig\twig\lib\Twig\TokenParser\For.php(48): Twig_Parser->subparse(Array)
#2 C:\xampp\htdocs\ta\vendor\twig\twig\lib\Twig\Parser.php(192): Twig_TokenParser_For->parse(Object(Twig_Token))
#3 C:\xampp\htdocs\ta\vendor\twig\twig\lib\Twig\Parser.php(100): Twig_Parser->subparse(NULL, false)
#4 C:\xampp\htdocs\ta\vendor\twig\twig\lib\Twig\Environment.php(480): Twig_Parser->parse(Object(Twig_TokenStream))
#5 C:\xampp\htdocs\ta\vendor\twig\twig\lib\Twig\Environment.php(530): Twig_Environment->parse(Object(Twig_TokenStream))
#6 C:\xampp\htdocs\ta\vendor\twig\twig\lib\Twig\Environment.php(324): Twig_Environment->compileSource('{{ include('lay...', 'home.html')
#7 C:\xampp\htdocs\ta\vendor\slim\extras\Slim\Extras\Views\Twig.php(97): Twig_Environment->loadTemplate('home.html')
#8 C:\xampp\htdocs\ta\vendor\slim\slim\Slim\View.php(195): Slim\Extras\Views\Twig->render('home.html')
#9 C:\xampp\htdocs\ta\vendor\slim\slim\Slim\View.php(182): Slim\View->fetch('home.html')
#10 C:\xampp\htdocs\ta\vendor\slim\slim\Slim\Slim.php(672): Slim\View->display('home.html')
#11 C:\xampp\htdocs\ta\public\index.php(73): Slim\Slim->render('home.html', Array)
#12 [internal function]: {closure}()
#13 C:\xampp\htdocs\ta\vendor\slim\slim\Slim\Router.php(172): call_user_func_array(Object(Closure), Array)
#14 C:\xampp\htdocs\ta\vendor\slim\slim\Slim\Slim.php(1222): Slim\Router->dispatch(Object(Slim\Route))
#15 C:\xampp\htdocs\ta\vendor\slim\slim\Slim\Middleware\Flash.php(86): Slim\Slim->call()
#16 C:\xampp\htdocs\ta\vendor\slim\slim\Slim\Middleware\MethodOverride.php(94): Slim\Middleware\Flash->call()
#17 C:\xampp\htdocs\ta\vendor\slim\slim\Slim\Middleware\PrettyExceptions.php(67): Slim\Middleware\MethodOverride->call()
#18 C:\xampp\htdocs\ta\vendor\slim\slim\Slim\Slim.php(1174): Slim\Middleware\PrettyExceptions->call()
#19 C:\xampp\htdocs\ta\public\index.php(117): Slim\Slim->run()
#20 {main}
ERROR - 2013-04-03T21:41:25+08:00 - exception 'Twig_Error_Syntax' with message 'Unexpected token "punctuation" of value ":" ("end of print statement" expected) in "home.html" at line 45' in C:\xampp\htdocs\ta\vendor\twig\twig\lib\Twig\TokenStream.php:77
Stack trace:
#0 C:\xampp\htdocs\ta\vendor\twig\twig\lib\Twig\Parser.php(147): Twig_TokenStream->expect(4)
#1 C:\xampp\htdocs\ta\vendor\twig\twig\lib\Twig\TokenParser\For.php(48): Twig_Parser->subparse(Array)
#2 C:\xampp\htdocs\ta\vendor\twig\twig\lib\Twig\Parser.php(192): Twig_TokenParser_For->parse(Object(Twig_Token))
#3 C:\xampp\htdocs\ta\vendor\twig\twig\lib\Twig\Parser.php(100): Twig_Parser->subparse(NULL, false)
#4 C:\xampp\htdocs\ta\vendor\twig\twig\lib\Twig\Environment.php(480): Twig_Parser->parse(Object(Twig_TokenStream))
#5 C:\xampp\htdocs\ta\vendor\twig\twig\lib\Twig\Environment.php(530): Twig_Environment->parse(Object(Twig_TokenStream))
#6 C:\xampp\htdocs\ta\vendor\twig\twig\lib\Twig\Environment.php(324): Twig_Environment->compileSource('{{ include('lay...', 'home.html')
#7 C:\xampp\htdocs\ta\vendor\slim\extras\Slim\Extras\Views\Twig.php(97): Twig_Environment->loadTemplate('home.html')
#8 C:\xampp\htdocs\ta\vendor\slim\slim\Slim\View.php(195): Slim\Extras\Views\Twig->render('home.html')
#9 C:\xampp\htdocs\ta\vendor\slim\slim\Slim\View.php(182): Slim\View->fetch('home.html')
#10 C:\xampp\htdocs\ta\vendor\slim\slim\Slim\Slim.php(672): Slim\View->display('home.html')
#11 C:\xampp\htdocs\ta\public\index.php(73): Slim\Slim->render('home.html', Array)
#12 [internal function]: {closure}()
#13 C:\xampp\htdocs\ta\vendor\slim\slim\Slim\Router.php(172): call_user_func_array(Object(Closure), Array)
#14 C:\xampp\htdocs\ta\vendor\slim\slim\Slim\Slim.php(1222): Slim\Router->dispatch(Object(Slim\Route))
#15 C:\xampp\htdocs\ta\vendor\slim\slim\Slim\Middleware\Flash.php(86): Slim\Slim->call()
#16 C:\xampp\htdocs\ta\vendor\slim\slim\Slim\Middleware\MethodOverride.php(94): Slim\Middleware\Flash->call()
#17 C:\xampp\htdocs\ta\vendor\slim\slim\Slim\Middleware\PrettyExceptions.php(67): Slim\Middleware\MethodOverride->call()
#18 C:\xampp\htdocs\ta\vendor\slim\slim\Slim\Slim.php(1174): Slim\Middleware\PrettyExceptions->call()
#19 C:\xampp\htdocs\ta\public\index.php(117): Slim\Slim->run()
#20 {main}
ERROR - 2013-04-03T21:41:54+08:00 - exception 'Twig_Error_Syntax' with message 'Unexpected token "punctuation" of value ":" ("end of print statement" expected) in "home.html" at line 45' in C:\xampp\htdocs\ta\vendor\twig\twig\lib\Twig\TokenStream.php:77
Stack trace:
#0 C:\xampp\htdocs\ta\vendor\twig\twig\lib\Twig\Parser.php(147): Twig_TokenStream->expect(4)
#1 C:\xampp\htdocs\ta\vendor\twig\twig\lib\Twig\TokenParser\For.php(48): Twig_Parser->subparse(Array)
#2 C:\xampp\htdocs\ta\vendor\twig\twig\lib\Twig\Parser.php(192): Twig_TokenParser_For->parse(Object(Twig_Token))
#3 C:\xampp\htdocs\ta\vendor\twig\twig\lib\Twig\Parser.php(100): Twig_Parser->subparse(NULL, false)
#4 C:\xampp\htdocs\ta\vendor\twig\twig\lib\Twig\Environment.php(480): Twig_Parser->parse(Object(Twig_TokenStream))
#5 C:\xampp\htdocs\ta\vendor\twig\twig\lib\Twig\Environment.php(530): Twig_Environment->parse(Object(Twig_TokenStream))
#6 C:\xampp\htdocs\ta\vendor\twig\twig\lib\Twig\Environment.php(324): Twig_Environment->compileSource('{{ include('lay...', 'home.html')
#7 C:\xampp\htdocs\ta\vendor\slim\extras\Slim\Extras\Views\Twig.php(97): Twig_Environment->loadTemplate('home.html')
#8 C:\xampp\htdocs\ta\vendor\slim\slim\Slim\View.php(195): Slim\Extras\Views\Twig->render('home.html')
#9 C:\xampp\htdocs\ta\vendor\slim\slim\Slim\View.php(182): Slim\View->fetch('home.html')
#10 C:\xampp\htdocs\ta\vendor\slim\slim\Slim\Slim.php(672): Slim\View->display('home.html')
#11 C:\xampp\htdocs\ta\public\index.php(73): Slim\Slim->render('home.html', Array)
#12 [internal function]: {closure}()
#13 C:\xampp\htdocs\ta\vendor\slim\slim\Slim\Router.php(172): call_user_func_array(Object(Closure), Array)
#14 C:\xampp\htdocs\ta\vendor\slim\slim\Slim\Slim.php(1222): Slim\Router->dispatch(Object(Slim\Route))
#15 C:\xampp\htdocs\ta\vendor\slim\slim\Slim\Middleware\Flash.php(86): Slim\Slim->call()
#16 C:\xampp\htdocs\ta\vendor\slim\slim\Slim\Middleware\MethodOverride.php(94): Slim\Middleware\Flash->call()
#17 C:\xampp\htdocs\ta\vendor\slim\slim\Slim\Middleware\PrettyExceptions.php(67): Slim\Middleware\MethodOverride->call()
#18 C:\xampp\htdocs\ta\vendor\slim\slim\Slim\Slim.php(1174): Slim\Middleware\PrettyExceptions->call()
#19 C:\xampp\htdocs\ta\public\index.php(117): Slim\Slim->run()
#20 {main}
ERROR - 2013-04-03T22:15:00+08:00 - exception 'ErrorException' with message 'Undefined variable: count' in C:\xampp\htdocs\ta\src\TA\Client.php:46
Stack trace:
#0 C:\xampp\htdocs\ta\src\TA\Client.php(46): Slim\Slim::handleErrors(8, 'Undefined varia...', 'C:\xampp\htdocs...', 46, Array)
#1 C:\xampp\htdocs\ta\public\index.php(66): TA\Client->paginator(20, 1)
#2 [internal function]: {closure}()
#3 C:\xampp\htdocs\ta\vendor\slim\slim\Slim\Router.php(172): call_user_func_array(Object(Closure), Array)
#4 C:\xampp\htdocs\ta\vendor\slim\slim\Slim\Slim.php(1222): Slim\Router->dispatch(Object(Slim\Route))
#5 C:\xampp\htdocs\ta\vendor\slim\slim\Slim\Middleware\Flash.php(86): Slim\Slim->call()
#6 C:\xampp\htdocs\ta\vendor\slim\slim\Slim\Middleware\MethodOverride.php(94): Slim\Middleware\Flash->call()
#7 C:\xampp\htdocs\ta\vendor\slim\slim\Slim\Middleware\PrettyExceptions.php(67): Slim\Middleware\MethodOverride->call()
#8 C:\xampp\htdocs\ta\vendor\slim\slim\Slim\Slim.php(1174): Slim\Middleware\PrettyExceptions->call()
#9 C:\xampp\htdocs\ta\public\index.php(115): Slim\Slim->run()
#10 {main}
ERROR - 2013-04-03T22:28:00+08:00 - exception 'Guzzle\Http\Exception\ServerErrorResponseException' with message 'Server error response
[status code] 500
[reason phrase] Internal Server Error
[url] http://api.localhost/api/timeline/show?timeline_id=13&access_token=PbxZvEdxErvPqqP4BjWgBdqnlI1Q9QHd4AMCVaHW' in C:\xampp\htdocs\ta\vendor\guzzle\guzzle\src\Guzzle\Http\Exception\BadResponseException.php:46
Stack trace:
#0 C:\xampp\htdocs\ta\vendor\guzzle\guzzle\src\Guzzle\Http\Message\Request.php(185): Guzzle\Http\Exception\BadResponseException::factory(Object(Guzzle\Http\Message\Request), Object(Guzzle\Http\Message\Response))
#1 [internal function]: Guzzle\Http\Message\Request::onRequestError(Object(Guzzle\Common\Event))
#2 C:\xampp\htdocs\ta\vendor\symfony\event-dispatcher\Symfony\Component\EventDispatcher\EventDispatcher.php(164): call_user_func(Array, Object(Guzzle\Common\Event))
#3 C:\xampp\htdocs\ta\vendor\symfony\event-dispatcher\Symfony\Component\EventDispatcher\EventDispatcher.php(53): Symfony\Component\EventDispatcher\EventDispatcher->doDispatch(Array, 'request.error', Object(Guzzle\Common\Event))
#4 C:\xampp\htdocs\ta\vendor\guzzle\guzzle\src\Guzzle\Http\Message\Request.php(762): Symfony\Component\EventDispatcher\EventDispatcher->dispatch('request.error', Object(Guzzle\Common\Event))
#5 C:\xampp\htdocs\ta\vendor\guzzle\guzzle\src\Guzzle\Http\Message\Request.php(467): Guzzle\Http\Message\Request->processResponse(Array)
#6 C:\xampp\htdocs\ta\vendor\guzzle\guzzle\src\Guzzle\Http\Curl\CurlMulti.php(516): Guzzle\Http\Message\Request->setState('complete', Array)
#7 C:\xampp\htdocs\ta\vendor\guzzle\guzzle\src\Guzzle\Http\Curl\CurlMulti.php(446): Guzzle\Http\Curl\CurlMulti->processResponse(Object(Guzzle\Http\Message\Request), Object(Guzzle\Http\Curl\CurlHandle), Array)
#8 C:\xampp\htdocs\ta\vendor\guzzle\guzzle\src\Guzzle\Http\Curl\CurlMulti.php(405): Guzzle\Http\Curl\CurlMulti->processMessages()
#9 C:\xampp\htdocs\ta\vendor\guzzle\guzzle\src\Guzzle\Http\Curl\CurlMulti.php(262): Guzzle\Http\Curl\CurlMulti->perform()
#10 C:\xampp\htdocs\ta\vendor\guzzle\guzzle\src\Guzzle\Http\Client.php(390): Guzzle\Http\Curl\CurlMulti->send()
#11 C:\xampp\htdocs\ta\vendor\guzzle\guzzle\src\Guzzle\Http\Message\Request.php(258): Guzzle\Http\Client->send(Object(Guzzle\Http\Message\Request))
#12 C:\xampp\htdocs\ta\src\TA\OAuth.php(86): Guzzle\Http\Message\Request->send()
#13 C:\xampp\htdocs\ta\src\TA\Client.php(50): TA\OAuth->get('http://api.loca...', Array)
#14 C:\xampp\htdocs\ta\public\index.php(104): TA\Client->show('13')
#15 [internal function]: {closure}('13')
#16 C:\xampp\htdocs\ta\vendor\slim\slim\Slim\Router.php(172): call_user_func_array(Object(Closure), Array)
#17 C:\xampp\htdocs\ta\vendor\slim\slim\Slim\Slim.php(1222): Slim\Router->dispatch(Object(Slim\Route))
#18 C:\xampp\htdocs\ta\vendor\slim\slim\Slim\Middleware\Flash.php(86): Slim\Slim->call()
#19 C:\xampp\htdocs\ta\vendor\slim\slim\Slim\Middleware\MethodOverride.php(94): Slim\Middleware\Flash->call()
#20 C:\xampp\htdocs\ta\vendor\slim\slim\Slim\Middleware\PrettyExceptions.php(67): Slim\Middleware\MethodOverride->call()
#21 C:\xampp\htdocs\ta\vendor\slim\slim\Slim\Slim.php(1174): Slim\Middleware\PrettyExceptions->call()
#22 C:\xampp\htdocs\ta\public\index.php(115): Slim\Slim->run()
#23 {main}
