ERROR - 2013-03-31T16:32:52+08:00 - exception 'Guzzle\Http\Exception\ServerErrorResponseException' with message 'Server error response
[status code] 500
[reason phrase] Internal Server Error
[url] http://api.localhost/api/public/timelines?access_token=HOsxYjaUvrtek9ed1y9WZkGvYmjymc9Yp9OIVCL8' in C:\xampp\htdocs\ta\vendor\guzzle\guzzle\src\Guzzle\Http\Exception\BadResponseException.php:46
Stack trace:
#0 C:\xampp\htdocs\ta\vendor\guzzle\guzzle\src\Guzzle\Http\Message\Request.php(185): Guzzle\Http\Exception\BadResponseException::factory(Object(Guzzle\Http\Message\Request), Object(Guzzle\Http\Message\Response))
#1 [internal function]: Guzzle\Http\Message\Request::onRequestError(Object(Guzzle\Common\Event))
#2 C:\xampp\htdocs\ta\vendor\symfony\event-dispatcher\Symfony\Component\EventDispatcher\EventDispatcher.php(164): call_user_func(Array, Object(Guzzle\Common\Event))
#3 C:\xampp\htdocs\ta\vendor\symfony\event-dispatcher\Symfony\Component\EventDispatcher\EventDispatcher.php(53): Symfony\Component\EventDispatcher\EventDispatcher->doDispatch(Array, 'request.error', Object(Guzzle\Common\Event))
#4 C:\xampp\htdocs\ta\vendor\guzzle\guzzle\src\Guzzle\Http\Message\Request.php(762): Symfony\Component\EventDispatcher\EventDispatcher->dispatch('request.error', Object(Guzzle\Common\Event))
#5 C:\xampp\htdocs\ta\vendor\guzzle\guzzle\src\Guzzle\Http\Message\Request.php(467): Guzzle\Http\Message\Request->processResponse(Array)
#6 C:\xampp\htdocs\ta\vendor\guzzle\guzzle\src\Guzzle\Http\Curl\CurlMulti.php(516): Guzzle\Http\Message\Request->setState('complete', Array)
#7 C:\xampp\htdocs\ta\vendor\guzzle\guzzle\src\Guzzle\Http\Curl\CurlMulti.php(446): Guzzle\Http\Curl\CurlMulti->processResponse(Object(Guzzle\Http\Message\Request), Object(Guzzle\Http\Curl\CurlHandle), Array)
#8 C:\xampp\htdocs\ta\vendor\guzzle\guzzle\src\Guzzle\Http\Curl\CurlMulti.php(405): Guzzle\Http\Curl\CurlMulti->processMessages()
#9 C:\xampp\htdocs\ta\vendor\guzzle\guzzle\src\Guzzle\Http\Curl\CurlMulti.php(262): Guzzle\Http\Curl\CurlMulti->perform()
#10 C:\xampp\htdocs\ta\vendor\guzzle\guzzle\src\Guzzle\Http\Client.php(390): Guzzle\Http\Curl\CurlMulti->send()
#11 C:\xampp\htdocs\ta\vendor\guzzle\guzzle\src\Guzzle\Http\Message\Request.php(258): Guzzle\Http\Client->send(Object(Guzzle\Http\Message\Request))
#12 C:\xampp\htdocs\ta\src\TA\OAuth.php(86): Guzzle\Http\Message\Request->send()
#13 C:\xampp\htdocs\ta\src\TA\Client.php(34): TA\OAuth->get('http://api.loca...')
#14 C:\xampp\htdocs\ta\public\index.php(63): TA\Client->getPublicTimelines()
#15 [internal function]: {closure}()
#16 C:\xampp\htdocs\ta\vendor\slim\slim\Slim\Router.php(172): call_user_func_array(Object(Closure), Array)
#17 C:\xampp\htdocs\ta\vendor\slim\slim\Slim\Slim.php(1222): Slim\Router->dispatch(Object(Slim\Route))
#18 C:\xampp\htdocs\ta\vendor\slim\slim\Slim\Middleware\Flash.php(86): Slim\Slim->call()
#19 C:\xampp\htdocs\ta\vendor\slim\slim\Slim\Middleware\MethodOverride.php(94): Slim\Middleware\Flash->call()
#20 C:\xampp\htdocs\ta\vendor\slim\slim\Slim\Middleware\PrettyExceptions.php(67): Slim\Middleware\MethodOverride->call()
#21 C:\xampp\htdocs\ta\vendor\slim\slim\Slim\Slim.php(1174): Slim\Middleware\PrettyExceptions->call()
#22 C:\xampp\htdocs\ta\public\index.php(96): Slim\Slim->run()
#23 {main}
ERROR - 2013-03-31T16:34:33+08:00 - exception 'Twig_Error_Syntax' with message 'Unexpected token "operator" of value "%" in "home.html" at line 28' in C:\xampp\htdocs\ta\vendor\twig\twig\lib\Twig\ExpressionParser.php:171
Stack trace:
#0 C:\xampp\htdocs\ta\vendor\twig\twig\lib\Twig\ExpressionParser.php(85): Twig_ExpressionParser->parsePrimaryExpression()
#1 C:\xampp\htdocs\ta\vendor\twig\twig\lib\Twig\ExpressionParser.php(42): Twig_ExpressionParser->getPrimary()
#2 C:\xampp\htdocs\ta\vendor\twig\twig\lib\Twig\Parser.php(146): Twig_ExpressionParser->parseExpression()
#3 C:\xampp\htdocs\ta\vendor\twig\twig\lib\Twig\TokenParser\For.php(48): Twig_Parser->subparse(Array)
#4 C:\xampp\htdocs\ta\vendor\twig\twig\lib\Twig\Parser.php(192): Twig_TokenParser_For->parse(Object(Twig_Token))
#5 C:\xampp\htdocs\ta\vendor\twig\twig\lib\Twig\Parser.php(100): Twig_Parser->subparse(NULL, false)
#6 C:\xampp\htdocs\ta\vendor\twig\twig\lib\Twig\Environment.php(480): Twig_Parser->parse(Object(Twig_TokenStream))
#7 C:\xampp\htdocs\ta\vendor\twig\twig\lib\Twig\Environment.php(530): Twig_Environment->parse(Object(Twig_TokenStream))
#8 C:\xampp\htdocs\ta\vendor\twig\twig\lib\Twig\Environment.php(324): Twig_Environment->compileSource('{{ include('lay...', 'home.html')
#9 C:\xampp\htdocs\ta\vendor\slim\extras\Slim\Extras\Views\Twig.php(97): Twig_Environment->loadTemplate('home.html')
#10 C:\xampp\htdocs\ta\vendor\slim\slim\Slim\View.php(195): Slim\Extras\Views\Twig->render('home.html')
#11 C:\xampp\htdocs\ta\vendor\slim\slim\Slim\View.php(182): Slim\View->fetch('home.html')
#12 C:\xampp\htdocs\ta\vendor\slim\slim\Slim\Slim.php(672): Slim\View->display('home.html')
#13 C:\xampp\htdocs\ta\public\index.php(64): Slim\Slim->render('home.html', Array)
#14 [internal function]: {closure}()
#15 C:\xampp\htdocs\ta\vendor\slim\slim\Slim\Router.php(172): call_user_func_array(Object(Closure), Array)
#16 C:\xampp\htdocs\ta\vendor\slim\slim\Slim\Slim.php(1222): Slim\Router->dispatch(Object(Slim\Route))
#17 C:\xampp\htdocs\ta\vendor\slim\slim\Slim\Middleware\Flash.php(86): Slim\Slim->call()
#18 C:\xampp\htdocs\ta\vendor\slim\slim\Slim\Middleware\MethodOverride.php(94): Slim\Middleware\Flash->call()
#19 C:\xampp\htdocs\ta\vendor\slim\slim\Slim\Middleware\PrettyExceptions.php(67): Slim\Middleware\MethodOverride->call()
#20 C:\xampp\htdocs\ta\vendor\slim\slim\Slim\Slim.php(1174): Slim\Middleware\PrettyExceptions->call()
#21 C:\xampp\htdocs\ta\public\index.php(96): Slim\Slim->run()
#22 {main}
ERROR - 2013-03-31T16:34:58+08:00 - exception 'Twig_Error_Syntax' with message 'Unexpected tag name "image" (expecting closing tag for the "for" tag defined near line 16) in "home.html" at line 28' in C:\xampp\htdocs\ta\vendor\twig\twig\lib\Twig\Parser.php:179
Stack trace:
#0 C:\xampp\htdocs\ta\vendor\twig\twig\lib\Twig\TokenParser\For.php(48): Twig_Parser->subparse(Array)
#1 C:\xampp\htdocs\ta\vendor\twig\twig\lib\Twig\Parser.php(192): Twig_TokenParser_For->parse(Object(Twig_Token))
#2 C:\xampp\htdocs\ta\vendor\twig\twig\lib\Twig\Parser.php(100): Twig_Parser->subparse(NULL, false)
#3 C:\xampp\htdocs\ta\vendor\twig\twig\lib\Twig\Environment.php(480): Twig_Parser->parse(Object(Twig_TokenStream))
#4 C:\xampp\htdocs\ta\vendor\twig\twig\lib\Twig\Environment.php(530): Twig_Environment->parse(Object(Twig_TokenStream))
#5 C:\xampp\htdocs\ta\vendor\twig\twig\lib\Twig\Environment.php(324): Twig_Environment->compileSource('{{ include('lay...', 'home.html')
#6 C:\xampp\htdocs\ta\vendor\slim\extras\Slim\Extras\Views\Twig.php(97): Twig_Environment->loadTemplate('home.html')
#7 C:\xampp\htdocs\ta\vendor\slim\slim\Slim\View.php(195): Slim\Extras\Views\Twig->render('home.html')
#8 C:\xampp\htdocs\ta\vendor\slim\slim\Slim\View.php(182): Slim\View->fetch('home.html')
#9 C:\xampp\htdocs\ta\vendor\slim\slim\Slim\Slim.php(672): Slim\View->display('home.html')
#10 C:\xampp\htdocs\ta\public\index.php(64): Slim\Slim->render('home.html', Array)
#11 [internal function]: {closure}()
#12 C:\xampp\htdocs\ta\vendor\slim\slim\Slim\Router.php(172): call_user_func_array(Object(Closure), Array)
#13 C:\xampp\htdocs\ta\vendor\slim\slim\Slim\Slim.php(1222): Slim\Router->dispatch(Object(Slim\Route))
#14 C:\xampp\htdocs\ta\vendor\slim\slim\Slim\Middleware\Flash.php(86): Slim\Slim->call()
#15 C:\xampp\htdocs\ta\vendor\slim\slim\Slim\Middleware\MethodOverride.php(94): Slim\Middleware\Flash->call()
#16 C:\xampp\htdocs\ta\vendor\slim\slim\Slim\Middleware\PrettyExceptions.php(67): Slim\Middleware\MethodOverride->call()
#17 C:\xampp\htdocs\ta\vendor\slim\slim\Slim\Slim.php(1174): Slim\Middleware\PrettyExceptions->call()
#18 C:\xampp\htdocs\ta\public\index.php(96): Slim\Slim->run()
#19 {main}
ERROR - 2013-03-31T17:20:49+08:00 - exception 'ErrorException' with message 'Undefined variable: timeline' in C:\xampp\htdocs\ta\public\index.php:64
Stack trace:
#0 C:\xampp\htdocs\ta\public\index.php(64): Slim\Slim::handleErrors(8, 'Undefined varia...', 'C:\xampp\htdocs...', 64, Array)
#1 [internal function]: {closure}()
#2 C:\xampp\htdocs\ta\vendor\slim\slim\Slim\Router.php(172): call_user_func_array(Object(Closure), Array)
#3 C:\xampp\htdocs\ta\vendor\slim\slim\Slim\Slim.php(1222): Slim\Router->dispatch(Object(Slim\Route))
#4 C:\xampp\htdocs\ta\vendor\slim\slim\Slim\Middleware\Flash.php(86): Slim\Slim->call()
#5 C:\xampp\htdocs\ta\vendor\slim\slim\Slim\Middleware\MethodOverride.php(94): Slim\Middleware\Flash->call()
#6 C:\xampp\htdocs\ta\vendor\slim\slim\Slim\Middleware\PrettyExceptions.php(67): Slim\Middleware\MethodOverride->call()
#7 C:\xampp\htdocs\ta\vendor\slim\slim\Slim\Slim.php(1174): Slim\Middleware\PrettyExceptions->call()
#8 C:\xampp\htdocs\ta\public\index.php(101): Slim\Slim->run()
#9 {main}
ERROR - 2013-03-31T17:21:18+08:00 - exception 'ErrorException' with message 'Use of undefined constant second - assumed 'second'' in C:\xampp\htdocs\ta\src\TA\Time.php:11
Stack trace:
#0 C:\xampp\htdocs\ta\src\TA\Time.php(11): Slim\Slim::handleErrors(8, 'Use of undefine...', 'C:\xampp\htdocs...', 11, Array)
#1 C:\xampp\htdocs\ta\public\index.php(65): TA\Time::nicetime(1364505872)
#2 [internal function]: {closure}()
#3 C:\xampp\htdocs\ta\vendor\slim\slim\Slim\Router.php(172): call_user_func_array(Object(Closure), Array)
#4 C:\xampp\htdocs\ta\vendor\slim\slim\Slim\Slim.php(1222): Slim\Router->dispatch(Object(Slim\Route))
#5 C:\xampp\htdocs\ta\vendor\slim\slim\Slim\Middleware\Flash.php(86): Slim\Slim->call()
#6 C:\xampp\htdocs\ta\vendor\slim\slim\Slim\Middleware\MethodOverride.php(94): Slim\Middleware\Flash->call()
#7 C:\xampp\htdocs\ta\vendor\slim\slim\Slim\Middleware\PrettyExceptions.php(67): Slim\Middleware\MethodOverride->call()
#8 C:\xampp\htdocs\ta\vendor\slim\slim\Slim\Slim.php(1174): Slim\Middleware\PrettyExceptions->call()
#9 C:\xampp\htdocs\ta\public\index.php(100): Slim\Slim->run()
#10 {main}
ERROR - 2013-03-31T17:21:42+08:00 - exception 'Twig_Error_Syntax' with message 'Unexpected token "end of print statement" of value "" in "home.html" at line 37' in C:\xampp\htdocs\ta\vendor\twig\twig\lib\Twig\ExpressionParser.php:171
Stack trace:
#0 C:\xampp\htdocs\ta\vendor\twig\twig\lib\Twig\ExpressionParser.php(85): Twig_ExpressionParser->parsePrimaryExpression()
#1 C:\xampp\htdocs\ta\vendor\twig\twig\lib\Twig\ExpressionParser.php(42): Twig_ExpressionParser->getPrimary()
#2 C:\xampp\htdocs\ta\vendor\twig\twig\lib\Twig\Parser.php(146): Twig_ExpressionParser->parseExpression()
#3 C:\xampp\htdocs\ta\vendor\twig\twig\lib\Twig\TokenParser\For.php(48): Twig_Parser->subparse(Array)
#4 C:\xampp\htdocs\ta\vendor\twig\twig\lib\Twig\Parser.php(192): Twig_TokenParser_For->parse(Object(Twig_Token))
#5 C:\xampp\htdocs\ta\vendor\twig\twig\lib\Twig\Parser.php(100): Twig_Parser->subparse(NULL, false)
#6 C:\xampp\htdocs\ta\vendor\twig\twig\lib\Twig\Environment.php(480): Twig_Parser->parse(Object(Twig_TokenStream))
#7 C:\xampp\htdocs\ta\vendor\twig\twig\lib\Twig\Environment.php(530): Twig_Environment->parse(Object(Twig_TokenStream))
#8 C:\xampp\htdocs\ta\vendor\twig\twig\lib\Twig\Environment.php(324): Twig_Environment->compileSource('{{ include('lay...', 'home.html')
#9 C:\xampp\htdocs\ta\vendor\slim\extras\Slim\Extras\Views\Twig.php(97): Twig_Environment->loadTemplate('home.html')
#10 C:\xampp\htdocs\ta\vendor\slim\slim\Slim\View.php(195): Slim\Extras\Views\Twig->render('home.html')
#11 C:\xampp\htdocs\ta\vendor\slim\slim\Slim\View.php(182): Slim\View->fetch('home.html')
#12 C:\xampp\htdocs\ta\vendor\slim\slim\Slim\Slim.php(672): Slim\View->display('home.html')
#13 C:\xampp\htdocs\ta\public\index.php(68): Slim\Slim->render('home.html', Array)
#14 [internal function]: {closure}()
#15 C:\xampp\htdocs\ta\vendor\slim\slim\Slim\Router.php(172): call_user_func_array(Object(Closure), Array)
#16 C:\xampp\htdocs\ta\vendor\slim\slim\Slim\Slim.php(1222): Slim\Router->dispatch(Object(Slim\Route))
#17 C:\xampp\htdocs\ta\vendor\slim\slim\Slim\Middleware\Flash.php(86): Slim\Slim->call()
#18 C:\xampp\htdocs\ta\vendor\slim\slim\Slim\Middleware\MethodOverride.php(94): Slim\Middleware\Flash->call()
#19 C:\xampp\htdocs\ta\vendor\slim\slim\Slim\Middleware\PrettyExceptions.php(67): Slim\Middleware\MethodOverride->call()
#20 C:\xampp\htdocs\ta\vendor\slim\slim\Slim\Slim.php(1174): Slim\Middleware\PrettyExceptions->call()
#21 C:\xampp\htdocs\ta\public\index.php(100): Slim\Slim->run()
#22 {main}
