ERROR - 2013-04-02T03:36:32+08:00 - exception 'Twig_Error_Syntax' with message 'Unexpected token "operator" of value "=" in "timeline.html" at line 6' in C:\xampp\htdocs\ta\vendor\twig\twig\lib\Twig\ExpressionParser.php:171
Stack trace:
#0 C:\xampp\htdocs\ta\vendor\twig\twig\lib\Twig\ExpressionParser.php(85): Twig_ExpressionParser->parsePrimaryExpression()
#1 C:\xampp\htdocs\ta\vendor\twig\twig\lib\Twig\ExpressionParser.php(42): Twig_ExpressionParser->getPrimary()
#2 C:\xampp\htdocs\ta\vendor\twig\twig\lib\Twig\Parser.php(146): Twig_ExpressionParser->parseExpression()
#3 C:\xampp\htdocs\ta\vendor\twig\twig\lib\Twig\Parser.php(100): Twig_Parser->subparse(NULL, false)
#4 C:\xampp\htdocs\ta\vendor\twig\twig\lib\Twig\Environment.php(480): Twig_Parser->parse(Object(Twig_TokenStream))
#5 C:\xampp\htdocs\ta\vendor\twig\twig\lib\Twig\Environment.php(530): Twig_Environment->parse(Object(Twig_TokenStream))
#6 C:\xampp\htdocs\ta\vendor\twig\twig\lib\Twig\Environment.php(324): Twig_Environment->compileSource('{{ include('lay...', 'timeline.html')
#7 C:\xampp\htdocs\ta\vendor\slim\extras\Slim\Extras\Views\Twig.php(97): Twig_Environment->loadTemplate('timeline.html')
#8 C:\xampp\htdocs\ta\vendor\slim\slim\Slim\View.php(195): Slim\Extras\Views\Twig->render('timeline.html')
#9 C:\xampp\htdocs\ta\vendor\slim\slim\Slim\View.php(182): Slim\View->fetch('timeline.html')
#10 C:\xampp\htdocs\ta\vendor\slim\slim\Slim\Slim.php(672): Slim\View->display('timeline.html')
#11 C:\xampp\htdocs\ta\public\index.php(110): Slim\Slim->render('timeline.html', Array)
#12 [internal function]: {closure}('10')
#13 C:\xampp\htdocs\ta\vendor\slim\slim\Slim\Router.php(172): call_user_func_array(Object(Closure), Array)
#14 C:\xampp\htdocs\ta\vendor\slim\slim\Slim\Slim.php(1222): Slim\Router->dispatch(Object(Slim\Route))
#15 C:\xampp\htdocs\ta\vendor\slim\slim\Slim\Middleware\Flash.php(86): Slim\Slim->call()
#16 C:\xampp\htdocs\ta\vendor\slim\slim\Slim\Middleware\MethodOverride.php(94): Slim\Middleware\Flash->call()
#17 C:\xampp\htdocs\ta\vendor\slim\slim\Slim\Middleware\PrettyExceptions.php(67): Slim\Middleware\MethodOverride->call()
#18 C:\xampp\htdocs\ta\vendor\slim\slim\Slim\Slim.php(1174): Slim\Middleware\PrettyExceptions->call()
#19 C:\xampp\htdocs\ta\public\index.php(113): Slim\Slim->run()
#20 {main}
ERROR - 2013-04-02T03:36:47+08:00 - exception 'Twig_Error_Syntax' with message 'Unexpected token "operator" of value "=" in "timeline.html" at line 6' in C:\xampp\htdocs\ta\vendor\twig\twig\lib\Twig\ExpressionParser.php:171
Stack trace:
#0 C:\xampp\htdocs\ta\vendor\twig\twig\lib\Twig\ExpressionParser.php(85): Twig_ExpressionParser->parsePrimaryExpression()
#1 C:\xampp\htdocs\ta\vendor\twig\twig\lib\Twig\ExpressionParser.php(42): Twig_ExpressionParser->getPrimary()
#2 C:\xampp\htdocs\ta\vendor\twig\twig\lib\Twig\Parser.php(146): Twig_ExpressionParser->parseExpression()
#3 C:\xampp\htdocs\ta\vendor\twig\twig\lib\Twig\Parser.php(100): Twig_Parser->subparse(NULL, false)
#4 C:\xampp\htdocs\ta\vendor\twig\twig\lib\Twig\Environment.php(480): Twig_Parser->parse(Object(Twig_TokenStream))
#5 C:\xampp\htdocs\ta\vendor\twig\twig\lib\Twig\Environment.php(530): Twig_Environment->parse(Object(Twig_TokenStream))
#6 C:\xampp\htdocs\ta\vendor\twig\twig\lib\Twig\Environment.php(324): Twig_Environment->compileSource('{{ include('lay...', 'timeline.html')
#7 C:\xampp\htdocs\ta\vendor\slim\extras\Slim\Extras\Views\Twig.php(97): Twig_Environment->loadTemplate('timeline.html')
#8 C:\xampp\htdocs\ta\vendor\slim\slim\Slim\View.php(195): Slim\Extras\Views\Twig->render('timeline.html')
#9 C:\xampp\htdocs\ta\vendor\slim\slim\Slim\View.php(182): Slim\View->fetch('timeline.html')
#10 C:\xampp\htdocs\ta\vendor\slim\slim\Slim\Slim.php(672): Slim\View->display('timeline.html')
#11 C:\xampp\htdocs\ta\public\index.php(110): Slim\Slim->render('timeline.html', Array)
#12 [internal function]: {closure}('10')
#13 C:\xampp\htdocs\ta\vendor\slim\slim\Slim\Router.php(172): call_user_func_array(Object(Closure), Array)
#14 C:\xampp\htdocs\ta\vendor\slim\slim\Slim\Slim.php(1222): Slim\Router->dispatch(Object(Slim\Route))
#15 C:\xampp\htdocs\ta\vendor\slim\slim\Slim\Middleware\Flash.php(86): Slim\Slim->call()
#16 C:\xampp\htdocs\ta\vendor\slim\slim\Slim\Middleware\MethodOverride.php(94): Slim\Middleware\Flash->call()
#17 C:\xampp\htdocs\ta\vendor\slim\slim\Slim\Middleware\PrettyExceptions.php(67): Slim\Middleware\MethodOverride->call()
#18 C:\xampp\htdocs\ta\vendor\slim\slim\Slim\Slim.php(1174): Slim\Middleware\PrettyExceptions->call()
#19 C:\xampp\htdocs\ta\public\index.php(113): Slim\Slim->run()
#20 {main}
ERROR - 2013-04-02T04:01:57+08:00 - exception 'Twig_Error_Syntax' with message 'Unexpected token "end of print statement" of value "" in "timeline.html" at line 6' in C:\xampp\htdocs\ta\vendor\twig\twig\lib\Twig\ExpressionParser.php:171
Stack trace:
#0 C:\xampp\htdocs\ta\vendor\twig\twig\lib\Twig\ExpressionParser.php(85): Twig_ExpressionParser->parsePrimaryExpression()
#1 C:\xampp\htdocs\ta\vendor\twig\twig\lib\Twig\ExpressionParser.php(42): Twig_ExpressionParser->getPrimary()
#2 C:\xampp\htdocs\ta\vendor\twig\twig\lib\Twig\Parser.php(146): Twig_ExpressionParser->parseExpression()
#3 C:\xampp\htdocs\ta\vendor\twig\twig\lib\Twig\Parser.php(100): Twig_Parser->subparse(NULL, false)
#4 C:\xampp\htdocs\ta\vendor\twig\twig\lib\Twig\Environment.php(480): Twig_Parser->parse(Object(Twig_TokenStream))
#5 C:\xampp\htdocs\ta\vendor\twig\twig\lib\Twig\Environment.php(530): Twig_Environment->parse(Object(Twig_TokenStream))
#6 C:\xampp\htdocs\ta\vendor\twig\twig\lib\Twig\Environment.php(324): Twig_Environment->compileSource('{{ include('lay...', 'timeline.html')
#7 C:\xampp\htdocs\ta\vendor\slim\extras\Slim\Extras\Views\Twig.php(97): Twig_Environment->loadTemplate('timeline.html')
#8 C:\xampp\htdocs\ta\vendor\slim\slim\Slim\View.php(195): Slim\Extras\Views\Twig->render('timeline.html')
#9 C:\xampp\htdocs\ta\vendor\slim\slim\Slim\View.php(182): Slim\View->fetch('timeline.html')
#10 C:\xampp\htdocs\ta\vendor\slim\slim\Slim\Slim.php(672): Slim\View->display('timeline.html')
#11 C:\xampp\htdocs\ta\public\index.php(110): Slim\Slim->render('timeline.html', Array)
#12 [internal function]: {closure}('10')
#13 C:\xampp\htdocs\ta\vendor\slim\slim\Slim\Router.php(172): call_user_func_array(Object(Closure), Array)
#14 C:\xampp\htdocs\ta\vendor\slim\slim\Slim\Slim.php(1222): Slim\Router->dispatch(Object(Slim\Route))
#15 C:\xampp\htdocs\ta\vendor\slim\slim\Slim\Middleware\Flash.php(86): Slim\Slim->call()
#16 C:\xampp\htdocs\ta\vendor\slim\slim\Slim\Middleware\MethodOverride.php(94): Slim\Middleware\Flash->call()
#17 C:\xampp\htdocs\ta\vendor\slim\slim\Slim\Middleware\PrettyExceptions.php(67): Slim\Middleware\MethodOverride->call()
#18 C:\xampp\htdocs\ta\vendor\slim\slim\Slim\Slim.php(1174): Slim\Middleware\PrettyExceptions->call()
#19 C:\xampp\htdocs\ta\public\index.php(113): Slim\Slim->run()
#20 {main}
ERROR - 2013-04-02T04:09:36+08:00 - exception 'Twig_Error_Syntax' with message 'A hash key must be a quoted string, a number, a name, or an expression enclosed in parentheses (unexpected token "punctuation" of value "{" in "timeline.html" at line 6' in C:\xampp\htdocs\ta\vendor\twig\twig\lib\Twig\ExpressionParser.php:265
Stack trace:
#0 C:\xampp\htdocs\ta\vendor\twig\twig\lib\Twig\ExpressionParser.php(169): Twig_ExpressionParser->parseHashExpression()
#1 C:\xampp\htdocs\ta\vendor\twig\twig\lib\Twig\ExpressionParser.php(85): Twig_ExpressionParser->parsePrimaryExpression()
#2 C:\xampp\htdocs\ta\vendor\twig\twig\lib\Twig\ExpressionParser.php(42): Twig_ExpressionParser->getPrimary()
#3 C:\xampp\htdocs\ta\vendor\twig\twig\lib\Twig\Parser.php(146): Twig_ExpressionParser->parseExpression()
#4 C:\xampp\htdocs\ta\vendor\twig\twig\lib\Twig\Parser.php(100): Twig_Parser->subparse(NULL, false)
#5 C:\xampp\htdocs\ta\vendor\twig\twig\lib\Twig\Environment.php(480): Twig_Parser->parse(Object(Twig_TokenStream))
#6 C:\xampp\htdocs\ta\vendor\twig\twig\lib\Twig\Environment.php(530): Twig_Environment->parse(Object(Twig_TokenStream))
#7 C:\xampp\htdocs\ta\vendor\twig\twig\lib\Twig\Environment.php(324): Twig_Environment->compileSource('{{ include('lay...', 'timeline.html')
#8 C:\xampp\htdocs\ta\vendor\slim\extras\Slim\Extras\Views\Twig.php(97): Twig_Environment->loadTemplate('timeline.html')
#9 C:\xampp\htdocs\ta\vendor\slim\slim\Slim\View.php(195): Slim\Extras\Views\Twig->render('timeline.html')
#10 C:\xampp\htdocs\ta\vendor\slim\slim\Slim\View.php(182): Slim\View->fetch('timeline.html')
#11 C:\xampp\htdocs\ta\vendor\slim\slim\Slim\Slim.php(672): Slim\View->display('timeline.html')
#12 C:\xampp\htdocs\ta\public\index.php(110): Slim\Slim->render('timeline.html', Array)
#13 [internal function]: {closure}('10')
#14 C:\xampp\htdocs\ta\vendor\slim\slim\Slim\Router.php(172): call_user_func_array(Object(Closure), Array)
#15 C:\xampp\htdocs\ta\vendor\slim\slim\Slim\Slim.php(1222): Slim\Router->dispatch(Object(Slim\Route))
#16 C:\xampp\htdocs\ta\vendor\slim\slim\Slim\Middleware\Flash.php(86): Slim\Slim->call()
#17 C:\xampp\htdocs\ta\vendor\slim\slim\Slim\Middleware\MethodOverride.php(94): Slim\Middleware\Flash->call()
#18 C:\xampp\htdocs\ta\vendor\slim\slim\Slim\Middleware\PrettyExceptions.php(67): Slim\Middleware\MethodOverride->call()
#19 C:\xampp\htdocs\ta\vendor\slim\slim\Slim\Slim.php(1174): Slim\Middleware\PrettyExceptions->call()
#20 C:\xampp\htdocs\ta\public\index.php(113): Slim\Slim->run()
#21 {main}
