ERROR - 2013-03-27T01:12:20+08:00 - exception 'ErrorException' with message 'Undefined index: access_token' in C:\xampp\htdocs\ta\public\index.php:66
Stack trace:
#0 C:\xampp\htdocs\ta\public\index.php(66): Slim\Slim::handleErrors(8, 'Undefined index...', 'C:\xampp\htdocs...', 66, Array)
#1 [internal function]: {closure}()
#2 C:\xampp\htdocs\ta\vendor\slim\slim\Slim\Router.php(172): call_user_func_array(Object(Closure), Array)
#3 C:\xampp\htdocs\ta\vendor\slim\slim\Slim\Slim.php(1222): Slim\Router->dispatch(Object(Slim\Route))
#4 C:\xampp\htdocs\ta\vendor\slim\slim\Slim\Middleware\Flash.php(86): Slim\Slim->call()
#5 C:\xampp\htdocs\ta\vendor\slim\slim\Slim\Middleware\MethodOverride.php(94): Slim\Middleware\Flash->call()
#6 C:\xampp\htdocs\ta\vendor\slim\slim\Slim\Middleware\SessionCookie.php(116): Slim\Middleware\MethodOverride->call()
#7 C:\xampp\htdocs\ta\vendor\slim\slim\Slim\Middleware\PrettyExceptions.php(67): Slim\Middleware\SessionCookie->call()
#8 C:\xampp\htdocs\ta\vendor\slim\slim\Slim\Slim.php(1174): Slim\Middleware\PrettyExceptions->call()
#9 C:\xampp\htdocs\ta\public\index.php(77): Slim\Slim->run()
#10 {main}
ERROR - 2013-03-27T01:14:53+08:00 - exception 'ErrorException' with message 'Undefined index: access_token' in C:\xampp\htdocs\ta\public\index.php:66
Stack trace:
#0 C:\xampp\htdocs\ta\public\index.php(66): Slim\Slim::handleErrors(8, 'Undefined index...', 'C:\xampp\htdocs...', 66, Array)
#1 [internal function]: {closure}()
#2 C:\xampp\htdocs\ta\vendor\slim\slim\Slim\Router.php(172): call_user_func_array(Object(Closure), Array)
#3 C:\xampp\htdocs\ta\vendor\slim\slim\Slim\Slim.php(1222): Slim\Router->dispatch(Object(Slim\Route))
#4 C:\xampp\htdocs\ta\vendor\slim\slim\Slim\Middleware\Flash.php(86): Slim\Slim->call()
#5 C:\xampp\htdocs\ta\vendor\slim\slim\Slim\Middleware\MethodOverride.php(94): Slim\Middleware\Flash->call()
#6 C:\xampp\htdocs\ta\vendor\slim\slim\Slim\Middleware\SessionCookie.php(116): Slim\Middleware\MethodOverride->call()
#7 C:\xampp\htdocs\ta\vendor\slim\slim\Slim\Middleware\PrettyExceptions.php(67): Slim\Middleware\SessionCookie->call()
#8 C:\xampp\htdocs\ta\vendor\slim\slim\Slim\Slim.php(1174): Slim\Middleware\PrettyExceptions->call()
#9 C:\xampp\htdocs\ta\public\index.php(77): Slim\Slim->run()
#10 {main}
ERROR - 2013-03-27T01:14:59+08:00 - exception 'ErrorException' with message 'Undefined index: access_token' in C:\xampp\htdocs\ta\public\index.php:66
Stack trace:
#0 C:\xampp\htdocs\ta\public\index.php(66): Slim\Slim::handleErrors(8, 'Undefined index...', 'C:\xampp\htdocs...', 66, Array)
#1 [internal function]: {closure}()
#2 C:\xampp\htdocs\ta\vendor\slim\slim\Slim\Router.php(172): call_user_func_array(Object(Closure), Array)
#3 C:\xampp\htdocs\ta\vendor\slim\slim\Slim\Slim.php(1222): Slim\Router->dispatch(Object(Slim\Route))
#4 C:\xampp\htdocs\ta\vendor\slim\slim\Slim\Middleware\Flash.php(86): Slim\Slim->call()
#5 C:\xampp\htdocs\ta\vendor\slim\slim\Slim\Middleware\MethodOverride.php(94): Slim\Middleware\Flash->call()
#6 C:\xampp\htdocs\ta\vendor\slim\slim\Slim\Middleware\SessionCookie.php(116): Slim\Middleware\MethodOverride->call()
#7 C:\xampp\htdocs\ta\vendor\slim\slim\Slim\Middleware\PrettyExceptions.php(67): Slim\Middleware\SessionCookie->call()
#8 C:\xampp\htdocs\ta\vendor\slim\slim\Slim\Slim.php(1174): Slim\Middleware\PrettyExceptions->call()
#9 C:\xampp\htdocs\ta\public\index.php(77): Slim\Slim->run()
#10 {main}
ERROR - 2013-03-27T02:50:14+08:00 - exception 'Guzzle\Http\Exception\ClientErrorResponseException' with message 'Client error response
[status code] 404
[reason phrase] Not Found
[url] http://api.localhost/api/user/me?access_token=uwD077aRb3sw13cwFQjvzeH5Cryxbscqkg9WBGok' in C:\xampp\htdocs\ta\vendor\guzzle\guzzle\src\Guzzle\Http\Exception\BadResponseException.php:46
Stack trace:
#0 C:\xampp\htdocs\ta\vendor\guzzle\guzzle\src\Guzzle\Http\Message\Request.php(185): Guzzle\Http\Exception\BadResponseException::factory(Object(Guzzle\Http\Message\Request), Object(Guzzle\Http\Message\Response))
#1 [internal function]: Guzzle\Http\Message\Request::onRequestError(Object(Guzzle\Common\Event))
#2 C:\xampp\htdocs\ta\vendor\symfony\event-dispatcher\Symfony\Component\EventDispatcher\EventDispatcher.php(164): call_user_func(Array, Object(Guzzle\Common\Event))
#3 C:\xampp\htdocs\ta\vendor\symfony\event-dispatcher\Symfony\Component\EventDispatcher\EventDispatcher.php(53): Symfony\Component\EventDispatcher\EventDispatcher->doDispatch(Array, 'request.error', Object(Guzzle\Common\Event))
#4 C:\xampp\htdocs\ta\vendor\guzzle\guzzle\src\Guzzle\Http\Message\Request.php(762): Symfony\Component\EventDispatcher\EventDispatcher->dispatch('request.error', Object(Guzzle\Common\Event))
#5 C:\xampp\htdocs\ta\vendor\guzzle\guzzle\src\Guzzle\Http\Message\Request.php(467): Guzzle\Http\Message\Request->processResponse(Array)
#6 C:\xampp\htdocs\ta\vendor\guzzle\guzzle\src\Guzzle\Http\Curl\CurlMulti.php(516): Guzzle\Http\Message\Request->setState('complete', Array)
#7 C:\xampp\htdocs\ta\vendor\guzzle\guzzle\src\Guzzle\Http\Curl\CurlMulti.php(446): Guzzle\Http\Curl\CurlMulti->processResponse(Object(Guzzle\Http\Message\Request), Object(Guzzle\Http\Curl\CurlHandle), Array)
#8 C:\xampp\htdocs\ta\vendor\guzzle\guzzle\src\Guzzle\Http\Curl\CurlMulti.php(405): Guzzle\Http\Curl\CurlMulti->processMessages()
#9 C:\xampp\htdocs\ta\vendor\guzzle\guzzle\src\Guzzle\Http\Curl\CurlMulti.php(262): Guzzle\Http\Curl\CurlMulti->perform()
#10 C:\xampp\htdocs\ta\vendor\guzzle\guzzle\src\Guzzle\Http\Client.php(390): Guzzle\Http\Curl\CurlMulti->send()
#11 C:\xampp\htdocs\ta\vendor\guzzle\guzzle\src\Guzzle\Http\Message\Request.php(258): Guzzle\Http\Client->send(Object(Guzzle\Http\Message\Request))
#12 C:\xampp\htdocs\ta\src\TA\OAuth.php(75): Guzzle\Http\Message\Request->send()
#13 C:\xampp\htdocs\ta\src\TA\Client.php(26): TA\OAuth->get('http://api.loca...')
#14 C:\xampp\htdocs\ta\public\index.php(54): TA\Client->getMe()
#15 [internal function]: {closure}()
#16 C:\xampp\htdocs\ta\vendor\slim\slim\Slim\Router.php(172): call_user_func_array(Object(Closure), Array)
#17 C:\xampp\htdocs\ta\vendor\slim\slim\Slim\Slim.php(1222): Slim\Router->dispatch(Object(Slim\Route))
#18 C:\xampp\htdocs\ta\vendor\slim\slim\Slim\Middleware\Flash.php(86): Slim\Slim->call()
#19 C:\xampp\htdocs\ta\vendor\slim\slim\Slim\Middleware\MethodOverride.php(94): Slim\Middleware\Flash->call()
#20 C:\xampp\htdocs\ta\vendor\slim\slim\Slim\Middleware\PrettyExceptions.php(67): Slim\Middleware\MethodOverride->call()
#21 C:\xampp\htdocs\ta\vendor\slim\slim\Slim\Slim.php(1174): Slim\Middleware\PrettyExceptions->call()
#22 C:\xampp\htdocs\ta\public\index.php(75): Slim\Slim->run()
#23 {main}
ERROR - 2013-03-27T02:50:58+08:00 - exception 'Guzzle\Http\Exception\ClientErrorResponseException' with message 'Client error response
[status code] 404
[reason phrase] Not Found
[url] http://api.localhost/api/user/me?access_token=uwD077aRb3sw13cwFQjvzeH5Cryxbscqkg9WBGok' in C:\xampp\htdocs\ta\vendor\guzzle\guzzle\src\Guzzle\Http\Exception\BadResponseException.php:46
Stack trace:
#0 C:\xampp\htdocs\ta\vendor\guzzle\guzzle\src\Guzzle\Http\Message\Request.php(185): Guzzle\Http\Exception\BadResponseException::factory(Object(Guzzle\Http\Message\Request), Object(Guzzle\Http\Message\Response))
#1 [internal function]: Guzzle\Http\Message\Request::onRequestError(Object(Guzzle\Common\Event))
#2 C:\xampp\htdocs\ta\vendor\symfony\event-dispatcher\Symfony\Component\EventDispatcher\EventDispatcher.php(164): call_user_func(Array, Object(Guzzle\Common\Event))
#3 C:\xampp\htdocs\ta\vendor\symfony\event-dispatcher\Symfony\Component\EventDispatcher\EventDispatcher.php(53): Symfony\Component\EventDispatcher\EventDispatcher->doDispatch(Array, 'request.error', Object(Guzzle\Common\Event))
#4 C:\xampp\htdocs\ta\vendor\guzzle\guzzle\src\Guzzle\Http\Message\Request.php(762): Symfony\Component\EventDispatcher\EventDispatcher->dispatch('request.error', Object(Guzzle\Common\Event))
#5 C:\xampp\htdocs\ta\vendor\guzzle\guzzle\src\Guzzle\Http\Message\Request.php(467): Guzzle\Http\Message\Request->processResponse(Array)
#6 C:\xampp\htdocs\ta\vendor\guzzle\guzzle\src\Guzzle\Http\Curl\CurlMulti.php(516): Guzzle\Http\Message\Request->setState('complete', Array)
#7 C:\xampp\htdocs\ta\vendor\guzzle\guzzle\src\Guzzle\Http\Curl\CurlMulti.php(446): Guzzle\Http\Curl\CurlMulti->processResponse(Object(Guzzle\Http\Message\Request), Object(Guzzle\Http\Curl\CurlHandle), Array)
#8 C:\xampp\htdocs\ta\vendor\guzzle\guzzle\src\Guzzle\Http\Curl\CurlMulti.php(405): Guzzle\Http\Curl\CurlMulti->processMessages()
#9 C:\xampp\htdocs\ta\vendor\guzzle\guzzle\src\Guzzle\Http\Curl\CurlMulti.php(262): Guzzle\Http\Curl\CurlMulti->perform()
#10 C:\xampp\htdocs\ta\vendor\guzzle\guzzle\src\Guzzle\Http\Client.php(390): Guzzle\Http\Curl\CurlMulti->send()
#11 C:\xampp\htdocs\ta\vendor\guzzle\guzzle\src\Guzzle\Http\Message\Request.php(258): Guzzle\Http\Client->send(Object(Guzzle\Http\Message\Request))
#12 C:\xampp\htdocs\ta\src\TA\OAuth.php(75): Guzzle\Http\Message\Request->send()
#13 C:\xampp\htdocs\ta\src\TA\Client.php(26): TA\OAuth->get('http://api.loca...')
#14 C:\xampp\htdocs\ta\public\index.php(54): TA\Client->getMe()
#15 [internal function]: {closure}()
#16 C:\xampp\htdocs\ta\vendor\slim\slim\Slim\Router.php(172): call_user_func_array(Object(Closure), Array)
#17 C:\xampp\htdocs\ta\vendor\slim\slim\Slim\Slim.php(1222): Slim\Router->dispatch(Object(Slim\Route))
#18 C:\xampp\htdocs\ta\vendor\slim\slim\Slim\Middleware\Flash.php(86): Slim\Slim->call()
#19 C:\xampp\htdocs\ta\vendor\slim\slim\Slim\Middleware\MethodOverride.php(94): Slim\Middleware\Flash->call()
#20 C:\xampp\htdocs\ta\vendor\slim\slim\Slim\Middleware\PrettyExceptions.php(67): Slim\Middleware\MethodOverride->call()
#21 C:\xampp\htdocs\ta\vendor\slim\slim\Slim\Slim.php(1174): Slim\Middleware\PrettyExceptions->call()
#22 C:\xampp\htdocs\ta\public\index.php(75): Slim\Slim->run()
#23 {main}
ERROR - 2013-03-27T02:58:18+08:00 - exception 'Guzzle\Common\Exception\RuntimeException' with message 'Unable to parse response body into JSON: 4' in C:\xampp\htdocs\ta\vendor\guzzle\guzzle\src\Guzzle\Http\Message\Response.php:920
Stack trace:
#0 C:\xampp\htdocs\ta\src\TA\OAuth.php(76): Guzzle\Http\Message\Response->json()
#1 C:\xampp\htdocs\ta\src\TA\Client.php(26): TA\OAuth->get('http://api.loca...')
#2 C:\xampp\htdocs\ta\public\index.php(54): TA\Client->getMe()
#3 [internal function]: {closure}()
#4 C:\xampp\htdocs\ta\vendor\slim\slim\Slim\Router.php(172): call_user_func_array(Object(Closure), Array)
#5 C:\xampp\htdocs\ta\vendor\slim\slim\Slim\Slim.php(1222): Slim\Router->dispatch(Object(Slim\Route))
#6 C:\xampp\htdocs\ta\vendor\slim\slim\Slim\Middleware\Flash.php(86): Slim\Slim->call()
#7 C:\xampp\htdocs\ta\vendor\slim\slim\Slim\Middleware\MethodOverride.php(94): Slim\Middleware\Flash->call()
#8 C:\xampp\htdocs\ta\vendor\slim\slim\Slim\Middleware\PrettyExceptions.php(67): Slim\Middleware\MethodOverride->call()
#9 C:\xampp\htdocs\ta\vendor\slim\slim\Slim\Slim.php(1174): Slim\Middleware\PrettyExceptions->call()
#10 C:\xampp\htdocs\ta\public\index.php(75): Slim\Slim->run()
#11 {main}
ERROR - 2013-03-27T04:42:48+08:00 - exception 'Guzzle\Http\Exception\ClientErrorResponseException' with message 'Client error response
[status code] 404
[reason phrase] Not Found
[url] http://api.localhost/api/user/endSession?access_token=s3S1OFwohpTqUNXT9ji2b3HZLqJSlTbUSAT3KdLr' in C:\xampp\htdocs\ta\vendor\guzzle\guzzle\src\Guzzle\Http\Exception\BadResponseException.php:46
Stack trace:
#0 C:\xampp\htdocs\ta\vendor\guzzle\guzzle\src\Guzzle\Http\Message\Request.php(185): Guzzle\Http\Exception\BadResponseException::factory(Object(Guzzle\Http\Message\Request), Object(Guzzle\Http\Message\Response))
#1 [internal function]: Guzzle\Http\Message\Request::onRequestError(Object(Guzzle\Common\Event))
#2 C:\xampp\htdocs\ta\vendor\symfony\event-dispatcher\Symfony\Component\EventDispatcher\EventDispatcher.php(164): call_user_func(Array, Object(Guzzle\Common\Event))
#3 C:\xampp\htdocs\ta\vendor\symfony\event-dispatcher\Symfony\Component\EventDispatcher\EventDispatcher.php(53): Symfony\Component\EventDispatcher\EventDispatcher->doDispatch(Array, 'request.error', Object(Guzzle\Common\Event))
#4 C:\xampp\htdocs\ta\vendor\guzzle\guzzle\src\Guzzle\Http\Message\Request.php(762): Symfony\Component\EventDispatcher\EventDispatcher->dispatch('request.error', Object(Guzzle\Common\Event))
#5 C:\xampp\htdocs\ta\vendor\guzzle\guzzle\src\Guzzle\Http\Message\Request.php(467): Guzzle\Http\Message\Request->processResponse(Array)
#6 C:\xampp\htdocs\ta\vendor\guzzle\guzzle\src\Guzzle\Http\Curl\CurlMulti.php(516): Guzzle\Http\Message\Request->setState('complete', Array)
#7 C:\xampp\htdocs\ta\vendor\guzzle\guzzle\src\Guzzle\Http\Curl\CurlMulti.php(446): Guzzle\Http\Curl\CurlMulti->processResponse(Object(Guzzle\Http\Message\Request), Object(Guzzle\Http\Curl\CurlHandle), Array)
#8 C:\xampp\htdocs\ta\vendor\guzzle\guzzle\src\Guzzle\Http\Curl\CurlMulti.php(405): Guzzle\Http\Curl\CurlMulti->processMessages()
#9 C:\xampp\htdocs\ta\vendor\guzzle\guzzle\src\Guzzle\Http\Curl\CurlMulti.php(262): Guzzle\Http\Curl\CurlMulti->perform()
#10 C:\xampp\htdocs\ta\vendor\guzzle\guzzle\src\Guzzle\Http\Client.php(390): Guzzle\Http\Curl\CurlMulti->send()
#11 C:\xampp\htdocs\ta\vendor\guzzle\guzzle\src\Guzzle\Http\Message\Request.php(258): Guzzle\Http\Client->send(Object(Guzzle\Http\Message\Request))
#12 C:\xampp\htdocs\ta\src\TA\OAuth.php(83): Guzzle\Http\Message\Request->send()
#13 C:\xampp\htdocs\ta\src\TA\Client.php(30): TA\OAuth->get('http://api.loca...')
#14 C:\xampp\htdocs\ta\public\index.php(80): TA\Client->endSession()
#15 [internal function]: {closure}()
#16 C:\xampp\htdocs\ta\vendor\slim\slim\Slim\Router.php(172): call_user_func_array(Object(Closure), Array)
#17 C:\xampp\htdocs\ta\vendor\slim\slim\Slim\Slim.php(1222): Slim\Router->dispatch(Object(Slim\Route))
#18 C:\xampp\htdocs\ta\vendor\slim\slim\Slim\Middleware\Flash.php(86): Slim\Slim->call()
#19 C:\xampp\htdocs\ta\vendor\slim\slim\Slim\Middleware\MethodOverride.php(94): Slim\Middleware\Flash->call()
#20 C:\xampp\htdocs\ta\vendor\slim\slim\Slim\Middleware\PrettyExceptions.php(67): Slim\Middleware\MethodOverride->call()
#21 C:\xampp\htdocs\ta\vendor\slim\slim\Slim\Slim.php(1174): Slim\Middleware\PrettyExceptions->call()
#22 C:\xampp\htdocs\ta\public\index.php(88): Slim\Slim->run()
#23 {main}
ERROR - 2013-03-27T04:52:06+08:00 - exception 'Guzzle\Http\Exception\ClientErrorResponseException' with message 'Client error response
[status code] 404
[reason phrase] Not Found
[url] http://api.localhost/api/user/endSession?access_token=s3S1OFwohpTqUNXT9ji2b3HZLqJSlTbUSAT3KdLr' in C:\xampp\htdocs\ta\vendor\guzzle\guzzle\src\Guzzle\Http\Exception\BadResponseException.php:46
Stack trace:
#0 C:\xampp\htdocs\ta\vendor\guzzle\guzzle\src\Guzzle\Http\Message\Request.php(185): Guzzle\Http\Exception\BadResponseException::factory(Object(Guzzle\Http\Message\Request), Object(Guzzle\Http\Message\Response))
#1 [internal function]: Guzzle\Http\Message\Request::onRequestError(Object(Guzzle\Common\Event))
#2 C:\xampp\htdocs\ta\vendor\symfony\event-dispatcher\Symfony\Component\EventDispatcher\EventDispatcher.php(164): call_user_func(Array, Object(Guzzle\Common\Event))
#3 C:\xampp\htdocs\ta\vendor\symfony\event-dispatcher\Symfony\Component\EventDispatcher\EventDispatcher.php(53): Symfony\Component\EventDispatcher\EventDispatcher->doDispatch(Array, 'request.error', Object(Guzzle\Common\Event))
#4 C:\xampp\htdocs\ta\vendor\guzzle\guzzle\src\Guzzle\Http\Message\Request.php(762): Symfony\Component\EventDispatcher\EventDispatcher->dispatch('request.error', Object(Guzzle\Common\Event))
#5 C:\xampp\htdocs\ta\vendor\guzzle\guzzle\src\Guzzle\Http\Message\Request.php(467): Guzzle\Http\Message\Request->processResponse(Array)
#6 C:\xampp\htdocs\ta\vendor\guzzle\guzzle\src\Guzzle\Http\Curl\CurlMulti.php(516): Guzzle\Http\Message\Request->setState('complete', Array)
#7 C:\xampp\htdocs\ta\vendor\guzzle\guzzle\src\Guzzle\Http\Curl\CurlMulti.php(446): Guzzle\Http\Curl\CurlMulti->processResponse(Object(Guzzle\Http\Message\Request), Object(Guzzle\Http\Curl\CurlHandle), Array)
#8 C:\xampp\htdocs\ta\vendor\guzzle\guzzle\src\Guzzle\Http\Curl\CurlMulti.php(405): Guzzle\Http\Curl\CurlMulti->processMessages()
#9 C:\xampp\htdocs\ta\vendor\guzzle\guzzle\src\Guzzle\Http\Curl\CurlMulti.php(262): Guzzle\Http\Curl\CurlMulti->perform()
#10 C:\xampp\htdocs\ta\vendor\guzzle\guzzle\src\Guzzle\Http\Client.php(390): Guzzle\Http\Curl\CurlMulti->send()
#11 C:\xampp\htdocs\ta\vendor\guzzle\guzzle\src\Guzzle\Http\Message\Request.php(258): Guzzle\Http\Client->send(Object(Guzzle\Http\Message\Request))
#12 C:\xampp\htdocs\ta\src\TA\OAuth.php(83): Guzzle\Http\Message\Request->send()
#13 C:\xampp\htdocs\ta\src\TA\Client.php(30): TA\OAuth->get('http://api.loca...')
#14 C:\xampp\htdocs\ta\public\index.php(80): TA\Client->endSession()
#15 [internal function]: {closure}()
#16 C:\xampp\htdocs\ta\vendor\slim\slim\Slim\Router.php(172): call_user_func_array(Object(Closure), Array)
#17 C:\xampp\htdocs\ta\vendor\slim\slim\Slim\Slim.php(1222): Slim\Router->dispatch(Object(Slim\Route))
#18 C:\xampp\htdocs\ta\vendor\slim\slim\Slim\Middleware\Flash.php(86): Slim\Slim->call()
#19 C:\xampp\htdocs\ta\vendor\slim\slim\Slim\Middleware\MethodOverride.php(94): Slim\Middleware\Flash->call()
#20 C:\xampp\htdocs\ta\vendor\slim\slim\Slim\Middleware\PrettyExceptions.php(67): Slim\Middleware\MethodOverride->call()
#21 C:\xampp\htdocs\ta\vendor\slim\slim\Slim\Slim.php(1174): Slim\Middleware\PrettyExceptions->call()
#22 C:\xampp\htdocs\ta\public\index.php(88): Slim\Slim->run()
#23 {main}
