ERROR - 2013-04-16T01:13:34+08:00 - exception 'Guzzle\Common\Exception\RuntimeException' with message 'Unable to parse response body into JSON: 4' in C:\xampp\htdocs\ta\vendor\guzzle\guzzle\src\Guzzle\Http\Message\Response.php:920
Stack trace:
#0 C:\xampp\htdocs\ta\src\TA\OAuth.php(88): Guzzle\Http\Message\Response->json()
#1 C:\xampp\htdocs\ta\src\TA\Client.php(76): TA\OAuth->get('http://api.loca...')
#2 C:\xampp\htdocs\ta\public\index.php(191): TA\Client->my_orders()
#3 [internal function]: {closure}()
#4 C:\xampp\htdocs\ta\vendor\slim\slim\Slim\Router.php(172): call_user_func_array(Object(Closure), Array)
#5 C:\xampp\htdocs\ta\vendor\slim\slim\Slim\Slim.php(1222): Slim\Router->dispatch(Object(Slim\Route))
#6 C:\xampp\htdocs\ta\vendor\slim\slim\Slim\Middleware\Flash.php(86): Slim\Slim->call()
#7 C:\xampp\htdocs\ta\vendor\slim\slim\Slim\Middleware\MethodOverride.php(94): Slim\Middleware\Flash->call()
#8 C:\xampp\htdocs\ta\vendor\slim\slim\Slim\Middleware\PrettyExceptions.php(67): Slim\Middleware\MethodOverride->call()
#9 C:\xampp\htdocs\ta\vendor\slim\slim\Slim\Slim.php(1174): Slim\Middleware\PrettyExceptions->call()
#10 C:\xampp\htdocs\ta\public\index.php(207): Slim\Slim->run()
#11 {main}
ERROR - 2013-04-16T01:25:10+08:00 - exception 'Guzzle\Common\Exception\RuntimeException' with message 'Unable to parse response body into JSON: 4' in C:\xampp\htdocs\ta\vendor\guzzle\guzzle\src\Guzzle\Http\Message\Response.php:920
Stack trace:
#0 C:\xampp\htdocs\ta\src\TA\OAuth.php(88): Guzzle\Http\Message\Response->json()
#1 C:\xampp\htdocs\ta\src\TA\Client.php(76): TA\OAuth->get('http://api.loca...')
#2 C:\xampp\htdocs\ta\public\index.php(191): TA\Client->my_orders()
#3 [internal function]: {closure}()
#4 C:\xampp\htdocs\ta\vendor\slim\slim\Slim\Router.php(172): call_user_func_array(Object(Closure), Array)
#5 C:\xampp\htdocs\ta\vendor\slim\slim\Slim\Slim.php(1222): Slim\Router->dispatch(Object(Slim\Route))
#6 C:\xampp\htdocs\ta\vendor\slim\slim\Slim\Middleware\Flash.php(86): Slim\Slim->call()
#7 C:\xampp\htdocs\ta\vendor\slim\slim\Slim\Middleware\MethodOverride.php(94): Slim\Middleware\Flash->call()
#8 C:\xampp\htdocs\ta\vendor\slim\slim\Slim\Middleware\PrettyExceptions.php(67): Slim\Middleware\MethodOverride->call()
#9 C:\xampp\htdocs\ta\vendor\slim\slim\Slim\Slim.php(1174): Slim\Middleware\PrettyExceptions->call()
#10 C:\xampp\htdocs\ta\public\index.php(207): Slim\Slim->run()
#11 {main}
ERROR - 2013-04-16T01:26:04+08:00 - exception 'ErrorException' with message 'Cannot use a scalar value as an array' in C:\xampp\htdocs\ta\public\index.php:193
Stack trace:
#0 C:\xampp\htdocs\ta\public\index.php(193): Slim\Slim::handleErrors(2, 'Cannot use a sc...', 'C:\xampp\htdocs...', 193, Array)
#1 [internal function]: {closure}()
#2 C:\xampp\htdocs\ta\vendor\slim\slim\Slim\Router.php(172): call_user_func_array(Object(Closure), Array)
#3 C:\xampp\htdocs\ta\vendor\slim\slim\Slim\Slim.php(1222): Slim\Router->dispatch(Object(Slim\Route))
#4 C:\xampp\htdocs\ta\vendor\slim\slim\Slim\Middleware\Flash.php(86): Slim\Slim->call()
#5 C:\xampp\htdocs\ta\vendor\slim\slim\Slim\Middleware\MethodOverride.php(94): Slim\Middleware\Flash->call()
#6 C:\xampp\htdocs\ta\vendor\slim\slim\Slim\Middleware\PrettyExceptions.php(67): Slim\Middleware\MethodOverride->call()
#7 C:\xampp\htdocs\ta\vendor\slim\slim\Slim\Slim.php(1174): Slim\Middleware\PrettyExceptions->call()
#8 C:\xampp\htdocs\ta\public\index.php(207): Slim\Slim->run()
#9 {main}
ERROR - 2013-04-16T01:51:59+08:00 - exception 'ErrorException' with message 'Cannot use a scalar value as an array' in C:\xampp\htdocs\ta\public\index.php:193
Stack trace:
#0 C:\xampp\htdocs\ta\public\index.php(193): Slim\Slim::handleErrors(2, 'Cannot use a sc...', 'C:\xampp\htdocs...', 193, Array)
#1 [internal function]: {closure}()
#2 C:\xampp\htdocs\ta\vendor\slim\slim\Slim\Router.php(172): call_user_func_array(Object(Closure), Array)
#3 C:\xampp\htdocs\ta\vendor\slim\slim\Slim\Slim.php(1222): Slim\Router->dispatch(Object(Slim\Route))
#4 C:\xampp\htdocs\ta\vendor\slim\slim\Slim\Middleware\Flash.php(86): Slim\Slim->call()
#5 C:\xampp\htdocs\ta\vendor\slim\slim\Slim\Middleware\MethodOverride.php(94): Slim\Middleware\Flash->call()
#6 C:\xampp\htdocs\ta\vendor\slim\slim\Slim\Middleware\PrettyExceptions.php(67): Slim\Middleware\MethodOverride->call()
#7 C:\xampp\htdocs\ta\vendor\slim\slim\Slim\Slim.php(1174): Slim\Middleware\PrettyExceptions->call()
#8 C:\xampp\htdocs\ta\public\index.php(207): Slim\Slim->run()
#9 {main}
ERROR - 2013-04-16T02:14:17+08:00 - exception 'Guzzle\Common\Exception\RuntimeException' with message 'Unable to parse response body into JSON: 4' in C:\xampp\htdocs\ta\vendor\guzzle\guzzle\src\Guzzle\Http\Message\Response.php:920
Stack trace:
#0 C:\xampp\htdocs\ta\src\TA\OAuth.php(88): Guzzle\Http\Message\Response->json()
#1 C:\xampp\htdocs\ta\src\TA\Client.php(76): TA\OAuth->get('http://api.loca...')
#2 C:\xampp\htdocs\ta\public\index.php(191): TA\Client->my_orders()
#3 [internal function]: {closure}()
#4 C:\xampp\htdocs\ta\vendor\slim\slim\Slim\Router.php(172): call_user_func_array(Object(Closure), Array)
#5 C:\xampp\htdocs\ta\vendor\slim\slim\Slim\Slim.php(1222): Slim\Router->dispatch(Object(Slim\Route))
#6 C:\xampp\htdocs\ta\vendor\slim\slim\Slim\Middleware\Flash.php(86): Slim\Slim->call()
#7 C:\xampp\htdocs\ta\vendor\slim\slim\Slim\Middleware\MethodOverride.php(94): Slim\Middleware\Flash->call()
#8 C:\xampp\htdocs\ta\vendor\slim\slim\Slim\Middleware\PrettyExceptions.php(67): Slim\Middleware\MethodOverride->call()
#9 C:\xampp\htdocs\ta\vendor\slim\slim\Slim\Slim.php(1174): Slim\Middleware\PrettyExceptions->call()
#10 C:\xampp\htdocs\ta\public\index.php(207): Slim\Slim->run()
#11 {main}
ERROR - 2013-04-16T02:48:14+08:00 - exception 'ErrorException' with message 'Undefined index: create_at' in C:\xampp\htdocs\ta\public\index.php:200
Stack trace:
#0 C:\xampp\htdocs\ta\public\index.php(200): Slim\Slim::handleErrors(8, 'Undefined index...', 'C:\xampp\htdocs...', 200, Array)
#1 [internal function]: {closure}('6')
#2 C:\xampp\htdocs\ta\vendor\slim\slim\Slim\Router.php(172): call_user_func_array(Object(Closure), Array)
#3 C:\xampp\htdocs\ta\vendor\slim\slim\Slim\Slim.php(1222): Slim\Router->dispatch(Object(Slim\Route))
#4 C:\xampp\htdocs\ta\vendor\slim\slim\Slim\Middleware\Flash.php(86): Slim\Slim->call()
#5 C:\xampp\htdocs\ta\vendor\slim\slim\Slim\Middleware\MethodOverride.php(94): Slim\Middleware\Flash->call()
#6 C:\xampp\htdocs\ta\vendor\slim\slim\Slim\Middleware\PrettyExceptions.php(67): Slim\Middleware\MethodOverride->call()
#7 C:\xampp\htdocs\ta\vendor\slim\slim\Slim\Slim.php(1174): Slim\Middleware\PrettyExceptions->call()
#8 C:\xampp\htdocs\ta\public\index.php(213): Slim\Slim->run()
#9 {main}
ERROR - 2013-04-16T02:50:50+08:00 - exception 'ErrorException' with message 'Undefined index: create_at' in C:\xampp\htdocs\ta\public\index.php:200
Stack trace:
#0 C:\xampp\htdocs\ta\public\index.php(200): Slim\Slim::handleErrors(8, 'Undefined index...', 'C:\xampp\htdocs...', 200, Array)
#1 [internal function]: {closure}('6')
#2 C:\xampp\htdocs\ta\vendor\slim\slim\Slim\Router.php(172): call_user_func_array(Object(Closure), Array)
#3 C:\xampp\htdocs\ta\vendor\slim\slim\Slim\Slim.php(1222): Slim\Router->dispatch(Object(Slim\Route))
#4 C:\xampp\htdocs\ta\vendor\slim\slim\Slim\Middleware\Flash.php(86): Slim\Slim->call()
#5 C:\xampp\htdocs\ta\vendor\slim\slim\Slim\Middleware\MethodOverride.php(94): Slim\Middleware\Flash->call()
#6 C:\xampp\htdocs\ta\vendor\slim\slim\Slim\Middleware\PrettyExceptions.php(67): Slim\Middleware\MethodOverride->call()
#7 C:\xampp\htdocs\ta\vendor\slim\slim\Slim\Slim.php(1174): Slim\Middleware\PrettyExceptions->call()
#8 C:\xampp\htdocs\ta\public\index.php(213): Slim\Slim->run()
#9 {main}
ERROR - 2013-04-16T02:51:51+08:00 - exception 'ErrorException' with message 'Undefined index: create_at' in C:\xampp\htdocs\ta\public\index.php:200
Stack trace:
#0 C:\xampp\htdocs\ta\public\index.php(200): Slim\Slim::handleErrors(8, 'Undefined index...', 'C:\xampp\htdocs...', 200, Array)
#1 [internal function]: {closure}('6')
#2 C:\xampp\htdocs\ta\vendor\slim\slim\Slim\Router.php(172): call_user_func_array(Object(Closure), Array)
#3 C:\xampp\htdocs\ta\vendor\slim\slim\Slim\Slim.php(1222): Slim\Router->dispatch(Object(Slim\Route))
#4 C:\xampp\htdocs\ta\vendor\slim\slim\Slim\Middleware\Flash.php(86): Slim\Slim->call()
#5 C:\xampp\htdocs\ta\vendor\slim\slim\Slim\Middleware\MethodOverride.php(94): Slim\Middleware\Flash->call()
#6 C:\xampp\htdocs\ta\vendor\slim\slim\Slim\Middleware\PrettyExceptions.php(67): Slim\Middleware\MethodOverride->call()
#7 C:\xampp\htdocs\ta\vendor\slim\slim\Slim\Slim.php(1174): Slim\Middleware\PrettyExceptions->call()
#8 C:\xampp\htdocs\ta\public\index.php(213): Slim\Slim->run()
#9 {main}
ERROR - 2013-04-16T02:52:25+08:00 - exception 'ErrorException' with message 'Undefined index: create_at' in C:\xampp\htdocs\ta\public\index.php:200
Stack trace:
#0 C:\xampp\htdocs\ta\public\index.php(200): Slim\Slim::handleErrors(8, 'Undefined index...', 'C:\xampp\htdocs...', 200, Array)
#1 [internal function]: {closure}('6')
#2 C:\xampp\htdocs\ta\vendor\slim\slim\Slim\Router.php(172): call_user_func_array(Object(Closure), Array)
#3 C:\xampp\htdocs\ta\vendor\slim\slim\Slim\Slim.php(1222): Slim\Router->dispatch(Object(Slim\Route))
#4 C:\xampp\htdocs\ta\vendor\slim\slim\Slim\Middleware\Flash.php(86): Slim\Slim->call()
#5 C:\xampp\htdocs\ta\vendor\slim\slim\Slim\Middleware\MethodOverride.php(94): Slim\Middleware\Flash->call()
#6 C:\xampp\htdocs\ta\vendor\slim\slim\Slim\Middleware\PrettyExceptions.php(67): Slim\Middleware\MethodOverride->call()
#7 C:\xampp\htdocs\ta\vendor\slim\slim\Slim\Slim.php(1174): Slim\Middleware\PrettyExceptions->call()
#8 C:\xampp\htdocs\ta\public\index.php(213): Slim\Slim->run()
#9 {main}
ERROR - 2013-04-16T02:54:09+08:00 - exception 'ErrorException' with message 'Undefined index: create_at' in C:\xampp\htdocs\ta\public\index.php:201
Stack trace:
#0 C:\xampp\htdocs\ta\public\index.php(201): Slim\Slim::handleErrors(8, 'Undefined index...', 'C:\xampp\htdocs...', 201, Array)
#1 [internal function]: {closure}('6')
#2 C:\xampp\htdocs\ta\vendor\slim\slim\Slim\Router.php(172): call_user_func_array(Object(Closure), Array)
#3 C:\xampp\htdocs\ta\vendor\slim\slim\Slim\Slim.php(1222): Slim\Router->dispatch(Object(Slim\Route))
#4 C:\xampp\htdocs\ta\vendor\slim\slim\Slim\Middleware\Flash.php(86): Slim\Slim->call()
#5 C:\xampp\htdocs\ta\vendor\slim\slim\Slim\Middleware\MethodOverride.php(94): Slim\Middleware\Flash->call()
#6 C:\xampp\htdocs\ta\vendor\slim\slim\Slim\Middleware\PrettyExceptions.php(67): Slim\Middleware\MethodOverride->call()
#7 C:\xampp\htdocs\ta\vendor\slim\slim\Slim\Slim.php(1174): Slim\Middleware\PrettyExceptions->call()
#8 C:\xampp\htdocs\ta\public\index.php(214): Slim\Slim->run()
#9 {main}
ERROR - 2013-04-16T02:57:00+08:00 - exception 'ErrorException' with message 'Undefined index: create_at' in C:\xampp\htdocs\ta\public\index.php:201
Stack trace:
#0 C:\xampp\htdocs\ta\public\index.php(201): Slim\Slim::handleErrors(8, 'Undefined index...', 'C:\xampp\htdocs...', 201, Array)
#1 [internal function]: {closure}('6')
#2 C:\xampp\htdocs\ta\vendor\slim\slim\Slim\Router.php(172): call_user_func_array(Object(Closure), Array)
#3 C:\xampp\htdocs\ta\vendor\slim\slim\Slim\Slim.php(1222): Slim\Router->dispatch(Object(Slim\Route))
#4 C:\xampp\htdocs\ta\vendor\slim\slim\Slim\Middleware\Flash.php(86): Slim\Slim->call()
#5 C:\xampp\htdocs\ta\vendor\slim\slim\Slim\Middleware\MethodOverride.php(94): Slim\Middleware\Flash->call()
#6 C:\xampp\htdocs\ta\vendor\slim\slim\Slim\Middleware\PrettyExceptions.php(67): Slim\Middleware\MethodOverride->call()
#7 C:\xampp\htdocs\ta\vendor\slim\slim\Slim\Slim.php(1174): Slim\Middleware\PrettyExceptions->call()
#8 C:\xampp\htdocs\ta\public\index.php(214): Slim\Slim->run()
#9 {main}
ERROR - 2013-04-16T02:58:54+08:00 - exception 'ErrorException' with message 'Undefined index: create_at' in C:\xampp\htdocs\ta\public\index.php:201
Stack trace:
#0 C:\xampp\htdocs\ta\public\index.php(201): Slim\Slim::handleErrors(8, 'Undefined index...', 'C:\xampp\htdocs...', 201, Array)
#1 [internal function]: {closure}('6')
#2 C:\xampp\htdocs\ta\vendor\slim\slim\Slim\Router.php(172): call_user_func_array(Object(Closure), Array)
#3 C:\xampp\htdocs\ta\vendor\slim\slim\Slim\Slim.php(1222): Slim\Router->dispatch(Object(Slim\Route))
#4 C:\xampp\htdocs\ta\vendor\slim\slim\Slim\Middleware\Flash.php(86): Slim\Slim->call()
#5 C:\xampp\htdocs\ta\vendor\slim\slim\Slim\Middleware\MethodOverride.php(94): Slim\Middleware\Flash->call()
#6 C:\xampp\htdocs\ta\vendor\slim\slim\Slim\Middleware\PrettyExceptions.php(67): Slim\Middleware\MethodOverride->call()
#7 C:\xampp\htdocs\ta\vendor\slim\slim\Slim\Slim.php(1174): Slim\Middleware\PrettyExceptions->call()
#8 C:\xampp\htdocs\ta\public\index.php(214): Slim\Slim->run()
#9 {main}
ERROR - 2013-04-16T02:59:04+08:00 - exception 'ErrorException' with message 'Undefined index: create_at' in C:\xampp\htdocs\ta\public\index.php:200
Stack trace:
#0 C:\xampp\htdocs\ta\public\index.php(200): Slim\Slim::handleErrors(8, 'Undefined index...', 'C:\xampp\htdocs...', 200, Array)
#1 [internal function]: {closure}('6')
#2 C:\xampp\htdocs\ta\vendor\slim\slim\Slim\Router.php(172): call_user_func_array(Object(Closure), Array)
#3 C:\xampp\htdocs\ta\vendor\slim\slim\Slim\Slim.php(1222): Slim\Router->dispatch(Object(Slim\Route))
#4 C:\xampp\htdocs\ta\vendor\slim\slim\Slim\Middleware\Flash.php(86): Slim\Slim->call()
#5 C:\xampp\htdocs\ta\vendor\slim\slim\Slim\Middleware\MethodOverride.php(94): Slim\Middleware\Flash->call()
#6 C:\xampp\htdocs\ta\vendor\slim\slim\Slim\Middleware\PrettyExceptions.php(67): Slim\Middleware\MethodOverride->call()
#7 C:\xampp\htdocs\ta\vendor\slim\slim\Slim\Slim.php(1174): Slim\Middleware\PrettyExceptions->call()
#8 C:\xampp\htdocs\ta\public\index.php(213): Slim\Slim->run()
#9 {main}
ERROR - 2013-04-16T02:59:54+08:00 - exception 'ErrorException' with message 'Undefined index: create_at' in C:\xampp\htdocs\ta\public\index.php:201
Stack trace:
#0 C:\xampp\htdocs\ta\public\index.php(201): Slim\Slim::handleErrors(8, 'Undefined index...', 'C:\xampp\htdocs...', 201, Array)
#1 [internal function]: {closure}('6')
#2 C:\xampp\htdocs\ta\vendor\slim\slim\Slim\Router.php(172): call_user_func_array(Object(Closure), Array)
#3 C:\xampp\htdocs\ta\vendor\slim\slim\Slim\Slim.php(1222): Slim\Router->dispatch(Object(Slim\Route))
#4 C:\xampp\htdocs\ta\vendor\slim\slim\Slim\Middleware\Flash.php(86): Slim\Slim->call()
#5 C:\xampp\htdocs\ta\vendor\slim\slim\Slim\Middleware\MethodOverride.php(94): Slim\Middleware\Flash->call()
#6 C:\xampp\htdocs\ta\vendor\slim\slim\Slim\Middleware\PrettyExceptions.php(67): Slim\Middleware\MethodOverride->call()
#7 C:\xampp\htdocs\ta\vendor\slim\slim\Slim\Slim.php(1174): Slim\Middleware\PrettyExceptions->call()
#8 C:\xampp\htdocs\ta\public\index.php(214): Slim\Slim->run()
#9 {main}
ERROR - 2013-04-16T03:01:26+08:00 - exception 'ErrorException' with message 'Undefined index: create_at' in C:\xampp\htdocs\ta\public\index.php:201
Stack trace:
#0 C:\xampp\htdocs\ta\public\index.php(201): Slim\Slim::handleErrors(8, 'Undefined index...', 'C:\xampp\htdocs...', 201, Array)
#1 [internal function]: {closure}('6')
#2 C:\xampp\htdocs\ta\vendor\slim\slim\Slim\Router.php(172): call_user_func_array(Object(Closure), Array)
#3 C:\xampp\htdocs\ta\vendor\slim\slim\Slim\Slim.php(1222): Slim\Router->dispatch(Object(Slim\Route))
#4 C:\xampp\htdocs\ta\vendor\slim\slim\Slim\Middleware\Flash.php(86): Slim\Slim->call()
#5 C:\xampp\htdocs\ta\vendor\slim\slim\Slim\Middleware\MethodOverride.php(94): Slim\Middleware\Flash->call()
#6 C:\xampp\htdocs\ta\vendor\slim\slim\Slim\Middleware\PrettyExceptions.php(67): Slim\Middleware\MethodOverride->call()
#7 C:\xampp\htdocs\ta\vendor\slim\slim\Slim\Slim.php(1174): Slim\Middleware\PrettyExceptions->call()
#8 C:\xampp\htdocs\ta\public\index.php(214): Slim\Slim->run()
#9 {main}
ERROR - 2013-04-16T03:02:56+08:00 - exception 'Guzzle\Common\Exception\RuntimeException' with message 'Unable to parse response body into JSON: 4' in C:\xampp\htdocs\ta\vendor\guzzle\guzzle\src\Guzzle\Http\Message\Response.php:920
Stack trace:
#0 C:\xampp\htdocs\ta\src\TA\OAuth.php(88): Guzzle\Http\Message\Response->json()
#1 C:\xampp\htdocs\ta\src\TA\Client.php(80): TA\OAuth->get('http://api.loca...', Array)
#2 C:\xampp\htdocs\ta\public\index.php(199): TA\Client->my_order('6')
#3 [internal function]: {closure}('6')
#4 C:\xampp\htdocs\ta\vendor\slim\slim\Slim\Router.php(172): call_user_func_array(Object(Closure), Array)
#5 C:\xampp\htdocs\ta\vendor\slim\slim\Slim\Slim.php(1222): Slim\Router->dispatch(Object(Slim\Route))
#6 C:\xampp\htdocs\ta\vendor\slim\slim\Slim\Middleware\Flash.php(86): Slim\Slim->call()
#7 C:\xampp\htdocs\ta\vendor\slim\slim\Slim\Middleware\MethodOverride.php(94): Slim\Middleware\Flash->call()
#8 C:\xampp\htdocs\ta\vendor\slim\slim\Slim\Middleware\PrettyExceptions.php(67): Slim\Middleware\MethodOverride->call()
#9 C:\xampp\htdocs\ta\vendor\slim\slim\Slim\Slim.php(1174): Slim\Middleware\PrettyExceptions->call()
#10 C:\xampp\htdocs\ta\public\index.php(214): Slim\Slim->run()
#11 {main}
ERROR - 2013-04-16T03:03:33+08:00 - exception 'ErrorException' with message 'Undefined index: create_at' in C:\xampp\htdocs\ta\public\index.php:201
Stack trace:
#0 C:\xampp\htdocs\ta\public\index.php(201): Slim\Slim::handleErrors(8, 'Undefined index...', 'C:\xampp\htdocs...', 201, Array)
#1 [internal function]: {closure}('6')
#2 C:\xampp\htdocs\ta\vendor\slim\slim\Slim\Router.php(172): call_user_func_array(Object(Closure), Array)
#3 C:\xampp\htdocs\ta\vendor\slim\slim\Slim\Slim.php(1222): Slim\Router->dispatch(Object(Slim\Route))
#4 C:\xampp\htdocs\ta\vendor\slim\slim\Slim\Middleware\Flash.php(86): Slim\Slim->call()
#5 C:\xampp\htdocs\ta\vendor\slim\slim\Slim\Middleware\MethodOverride.php(94): Slim\Middleware\Flash->call()
#6 C:\xampp\htdocs\ta\vendor\slim\slim\Slim\Middleware\PrettyExceptions.php(67): Slim\Middleware\MethodOverride->call()
#7 C:\xampp\htdocs\ta\vendor\slim\slim\Slim\Slim.php(1174): Slim\Middleware\PrettyExceptions->call()
#8 C:\xampp\htdocs\ta\public\index.php(214): Slim\Slim->run()
#9 {main}
ERROR - 2013-04-16T03:05:32+08:00 - exception 'ErrorException' with message 'Undefined index: create_at' in C:\xampp\htdocs\ta\public\index.php:201
Stack trace:
#0 C:\xampp\htdocs\ta\public\index.php(201): Slim\Slim::handleErrors(8, 'Undefined index...', 'C:\xampp\htdocs...', 201, Array)
#1 [internal function]: {closure}('6')
#2 C:\xampp\htdocs\ta\vendor\slim\slim\Slim\Router.php(172): call_user_func_array(Object(Closure), Array)
#3 C:\xampp\htdocs\ta\vendor\slim\slim\Slim\Slim.php(1222): Slim\Router->dispatch(Object(Slim\Route))
#4 C:\xampp\htdocs\ta\vendor\slim\slim\Slim\Middleware\Flash.php(86): Slim\Slim->call()
#5 C:\xampp\htdocs\ta\vendor\slim\slim\Slim\Middleware\MethodOverride.php(94): Slim\Middleware\Flash->call()
#6 C:\xampp\htdocs\ta\vendor\slim\slim\Slim\Middleware\PrettyExceptions.php(67): Slim\Middleware\MethodOverride->call()
#7 C:\xampp\htdocs\ta\vendor\slim\slim\Slim\Slim.php(1174): Slim\Middleware\PrettyExceptions->call()
#8 C:\xampp\htdocs\ta\public\index.php(214): Slim\Slim->run()
#9 {main}
ERROR - 2013-04-16T03:07:37+08:00 - exception 'ErrorException' with message 'Undefined index: create_at' in C:\xampp\htdocs\ta\public\index.php:201
Stack trace:
#0 C:\xampp\htdocs\ta\public\index.php(201): Slim\Slim::handleErrors(8, 'Undefined index...', 'C:\xampp\htdocs...', 201, Array)
#1 [internal function]: {closure}('6')
#2 C:\xampp\htdocs\ta\vendor\slim\slim\Slim\Router.php(172): call_user_func_array(Object(Closure), Array)
#3 C:\xampp\htdocs\ta\vendor\slim\slim\Slim\Slim.php(1222): Slim\Router->dispatch(Object(Slim\Route))
#4 C:\xampp\htdocs\ta\vendor\slim\slim\Slim\Middleware\Flash.php(86): Slim\Slim->call()
#5 C:\xampp\htdocs\ta\vendor\slim\slim\Slim\Middleware\MethodOverride.php(94): Slim\Middleware\Flash->call()
#6 C:\xampp\htdocs\ta\vendor\slim\slim\Slim\Middleware\PrettyExceptions.php(67): Slim\Middleware\MethodOverride->call()
#7 C:\xampp\htdocs\ta\vendor\slim\slim\Slim\Slim.php(1174): Slim\Middleware\PrettyExceptions->call()
#8 C:\xampp\htdocs\ta\public\index.php(214): Slim\Slim->run()
#9 {main}
ERROR - 2013-04-16T03:08:02+08:00 - exception 'ErrorException' with message 'Undefined index: create_at' in C:\xampp\htdocs\ta\public\index.php:201
Stack trace:
#0 C:\xampp\htdocs\ta\public\index.php(201): Slim\Slim::handleErrors(8, 'Undefined index...', 'C:\xampp\htdocs...', 201, Array)
#1 [internal function]: {closure}('7')
#2 C:\xampp\htdocs\ta\vendor\slim\slim\Slim\Router.php(172): call_user_func_array(Object(Closure), Array)
#3 C:\xampp\htdocs\ta\vendor\slim\slim\Slim\Slim.php(1222): Slim\Router->dispatch(Object(Slim\Route))
#4 C:\xampp\htdocs\ta\vendor\slim\slim\Slim\Middleware\Flash.php(86): Slim\Slim->call()
#5 C:\xampp\htdocs\ta\vendor\slim\slim\Slim\Middleware\MethodOverride.php(94): Slim\Middleware\Flash->call()
#6 C:\xampp\htdocs\ta\vendor\slim\slim\Slim\Middleware\PrettyExceptions.php(67): Slim\Middleware\MethodOverride->call()
#7 C:\xampp\htdocs\ta\vendor\slim\slim\Slim\Slim.php(1174): Slim\Middleware\PrettyExceptions->call()
#8 C:\xampp\htdocs\ta\public\index.php(214): Slim\Slim->run()
#9 {main}
ERROR - 2013-04-16T03:09:00+08:00 - exception 'ErrorException' with message 'Undefined index: create_at' in C:\xampp\htdocs\ta\public\index.php:201
Stack trace:
#0 C:\xampp\htdocs\ta\public\index.php(201): Slim\Slim::handleErrors(8, 'Undefined index...', 'C:\xampp\htdocs...', 201, Array)
#1 [internal function]: {closure}('7')
#2 C:\xampp\htdocs\ta\vendor\slim\slim\Slim\Router.php(172): call_user_func_array(Object(Closure), Array)
#3 C:\xampp\htdocs\ta\vendor\slim\slim\Slim\Slim.php(1222): Slim\Router->dispatch(Object(Slim\Route))
#4 C:\xampp\htdocs\ta\vendor\slim\slim\Slim\Middleware\Flash.php(86): Slim\Slim->call()
#5 C:\xampp\htdocs\ta\vendor\slim\slim\Slim\Middleware\MethodOverride.php(94): Slim\Middleware\Flash->call()
#6 C:\xampp\htdocs\ta\vendor\slim\slim\Slim\Middleware\PrettyExceptions.php(67): Slim\Middleware\MethodOverride->call()
#7 C:\xampp\htdocs\ta\vendor\slim\slim\Slim\Slim.php(1174): Slim\Middleware\PrettyExceptions->call()
#8 C:\xampp\htdocs\ta\public\index.php(214): Slim\Slim->run()
#9 {main}
ERROR - 2013-04-16T03:10:18+08:00 - exception 'ErrorException' with message 'Undefined index: create_at' in C:\xampp\htdocs\ta\public\index.php:202
Stack trace:
#0 C:\xampp\htdocs\ta\public\index.php(202): Slim\Slim::handleErrors(8, 'Undefined index...', 'C:\xampp\htdocs...', 202, Array)
#1 [internal function]: {closure}('7')
#2 C:\xampp\htdocs\ta\vendor\slim\slim\Slim\Router.php(172): call_user_func_array(Object(Closure), Array)
#3 C:\xampp\htdocs\ta\vendor\slim\slim\Slim\Slim.php(1222): Slim\Router->dispatch(Object(Slim\Route))
#4 C:\xampp\htdocs\ta\vendor\slim\slim\Slim\Middleware\Flash.php(86): Slim\Slim->call()
#5 C:\xampp\htdocs\ta\vendor\slim\slim\Slim\Middleware\MethodOverride.php(94): Slim\Middleware\Flash->call()
#6 C:\xampp\htdocs\ta\vendor\slim\slim\Slim\Middleware\PrettyExceptions.php(67): Slim\Middleware\MethodOverride->call()
#7 C:\xampp\htdocs\ta\vendor\slim\slim\Slim\Slim.php(1174): Slim\Middleware\PrettyExceptions->call()
#8 C:\xampp\htdocs\ta\public\index.php(215): Slim\Slim->run()
#9 {main}
ERROR - 2013-04-16T03:11:25+08:00 - exception 'ErrorException' with message 'Undefined index: create_at' in C:\xampp\htdocs\ta\public\index.php:202
Stack trace:
#0 C:\xampp\htdocs\ta\public\index.php(202): Slim\Slim::handleErrors(8, 'Undefined index...', 'C:\xampp\htdocs...', 202, Array)
#1 [internal function]: {closure}('7')
#2 C:\xampp\htdocs\ta\vendor\slim\slim\Slim\Router.php(172): call_user_func_array(Object(Closure), Array)
#3 C:\xampp\htdocs\ta\vendor\slim\slim\Slim\Slim.php(1222): Slim\Router->dispatch(Object(Slim\Route))
#4 C:\xampp\htdocs\ta\vendor\slim\slim\Slim\Middleware\Flash.php(86): Slim\Slim->call()
#5 C:\xampp\htdocs\ta\vendor\slim\slim\Slim\Middleware\MethodOverride.php(94): Slim\Middleware\Flash->call()
#6 C:\xampp\htdocs\ta\vendor\slim\slim\Slim\Middleware\PrettyExceptions.php(67): Slim\Middleware\MethodOverride->call()
#7 C:\xampp\htdocs\ta\vendor\slim\slim\Slim\Slim.php(1174): Slim\Middleware\PrettyExceptions->call()
#8 C:\xampp\htdocs\ta\public\index.php(215): Slim\Slim->run()
#9 {main}
ERROR - 2013-04-16T03:11:46+08:00 - exception 'ErrorException' with message 'Undefined index: create_at' in C:\xampp\htdocs\ta\public\index.php:202
Stack trace:
#0 C:\xampp\htdocs\ta\public\index.php(202): Slim\Slim::handleErrors(8, 'Undefined index...', 'C:\xampp\htdocs...', 202, Array)
#1 [internal function]: {closure}('7')
#2 C:\xampp\htdocs\ta\vendor\slim\slim\Slim\Router.php(172): call_user_func_array(Object(Closure), Array)
#3 C:\xampp\htdocs\ta\vendor\slim\slim\Slim\Slim.php(1222): Slim\Router->dispatch(Object(Slim\Route))
#4 C:\xampp\htdocs\ta\vendor\slim\slim\Slim\Middleware\Flash.php(86): Slim\Slim->call()
#5 C:\xampp\htdocs\ta\vendor\slim\slim\Slim\Middleware\MethodOverride.php(94): Slim\Middleware\Flash->call()
#6 C:\xampp\htdocs\ta\vendor\slim\slim\Slim\Middleware\PrettyExceptions.php(67): Slim\Middleware\MethodOverride->call()
#7 C:\xampp\htdocs\ta\vendor\slim\slim\Slim\Slim.php(1174): Slim\Middleware\PrettyExceptions->call()
#8 C:\xampp\htdocs\ta\public\index.php(215): Slim\Slim->run()
#9 {main}
ERROR - 2013-04-16T03:12:19+08:00 - exception 'ErrorException' with message 'Undefined index: create_at' in C:\xampp\htdocs\ta\public\index.php:202
Stack trace:
#0 C:\xampp\htdocs\ta\public\index.php(202): Slim\Slim::handleErrors(8, 'Undefined index...', 'C:\xampp\htdocs...', 202, Array)
#1 [internal function]: {closure}('7')
#2 C:\xampp\htdocs\ta\vendor\slim\slim\Slim\Router.php(172): call_user_func_array(Object(Closure), Array)
#3 C:\xampp\htdocs\ta\vendor\slim\slim\Slim\Slim.php(1222): Slim\Router->dispatch(Object(Slim\Route))
#4 C:\xampp\htdocs\ta\vendor\slim\slim\Slim\Middleware\Flash.php(86): Slim\Slim->call()
#5 C:\xampp\htdocs\ta\vendor\slim\slim\Slim\Middleware\MethodOverride.php(94): Slim\Middleware\Flash->call()
#6 C:\xampp\htdocs\ta\vendor\slim\slim\Slim\Middleware\PrettyExceptions.php(67): Slim\Middleware\MethodOverride->call()
#7 C:\xampp\htdocs\ta\vendor\slim\slim\Slim\Slim.php(1174): Slim\Middleware\PrettyExceptions->call()
#8 C:\xampp\htdocs\ta\public\index.php(215): Slim\Slim->run()
#9 {main}
ERROR - 2013-04-16T03:12:23+08:00 - exception 'ErrorException' with message 'Undefined index: create_at' in C:\xampp\htdocs\ta\public\index.php:202
Stack trace:
#0 C:\xampp\htdocs\ta\public\index.php(202): Slim\Slim::handleErrors(8, 'Undefined index...', 'C:\xampp\htdocs...', 202, Array)
#1 [internal function]: {closure}('7')
#2 C:\xampp\htdocs\ta\vendor\slim\slim\Slim\Router.php(172): call_user_func_array(Object(Closure), Array)
#3 C:\xampp\htdocs\ta\vendor\slim\slim\Slim\Slim.php(1222): Slim\Router->dispatch(Object(Slim\Route))
#4 C:\xampp\htdocs\ta\vendor\slim\slim\Slim\Middleware\Flash.php(86): Slim\Slim->call()
#5 C:\xampp\htdocs\ta\vendor\slim\slim\Slim\Middleware\MethodOverride.php(94): Slim\Middleware\Flash->call()
#6 C:\xampp\htdocs\ta\vendor\slim\slim\Slim\Middleware\PrettyExceptions.php(67): Slim\Middleware\MethodOverride->call()
#7 C:\xampp\htdocs\ta\vendor\slim\slim\Slim\Slim.php(1174): Slim\Middleware\PrettyExceptions->call()
#8 C:\xampp\htdocs\ta\public\index.php(215): Slim\Slim->run()
#9 {main}
ERROR - 2013-04-16T03:12:39+08:00 - exception 'ErrorException' with message 'Undefined index: create_at' in C:\xampp\htdocs\ta\public\index.php:202
Stack trace:
#0 C:\xampp\htdocs\ta\public\index.php(202): Slim\Slim::handleErrors(8, 'Undefined index...', 'C:\xampp\htdocs...', 202, Array)
#1 [internal function]: {closure}('7')
#2 C:\xampp\htdocs\ta\vendor\slim\slim\Slim\Router.php(172): call_user_func_array(Object(Closure), Array)
#3 C:\xampp\htdocs\ta\vendor\slim\slim\Slim\Slim.php(1222): Slim\Router->dispatch(Object(Slim\Route))
#4 C:\xampp\htdocs\ta\vendor\slim\slim\Slim\Middleware\Flash.php(86): Slim\Slim->call()
#5 C:\xampp\htdocs\ta\vendor\slim\slim\Slim\Middleware\MethodOverride.php(94): Slim\Middleware\Flash->call()
#6 C:\xampp\htdocs\ta\vendor\slim\slim\Slim\Middleware\PrettyExceptions.php(67): Slim\Middleware\MethodOverride->call()
#7 C:\xampp\htdocs\ta\vendor\slim\slim\Slim\Slim.php(1174): Slim\Middleware\PrettyExceptions->call()
#8 C:\xampp\htdocs\ta\public\index.php(215): Slim\Slim->run()
#9 {main}
ERROR - 2013-04-16T03:13:18+08:00 - exception 'ErrorException' with message 'Undefined index: create_at' in C:\xampp\htdocs\ta\public\index.php:202
Stack trace:
#0 C:\xampp\htdocs\ta\public\index.php(202): Slim\Slim::handleErrors(8, 'Undefined index...', 'C:\xampp\htdocs...', 202, Array)
#1 [internal function]: {closure}('7')
#2 C:\xampp\htdocs\ta\vendor\slim\slim\Slim\Router.php(172): call_user_func_array(Object(Closure), Array)
#3 C:\xampp\htdocs\ta\vendor\slim\slim\Slim\Slim.php(1222): Slim\Router->dispatch(Object(Slim\Route))
#4 C:\xampp\htdocs\ta\vendor\slim\slim\Slim\Middleware\Flash.php(86): Slim\Slim->call()
#5 C:\xampp\htdocs\ta\vendor\slim\slim\Slim\Middleware\MethodOverride.php(94): Slim\Middleware\Flash->call()
#6 C:\xampp\htdocs\ta\vendor\slim\slim\Slim\Middleware\PrettyExceptions.php(67): Slim\Middleware\MethodOverride->call()
#7 C:\xampp\htdocs\ta\vendor\slim\slim\Slim\Slim.php(1174): Slim\Middleware\PrettyExceptions->call()
#8 C:\xampp\htdocs\ta\public\index.php(215): Slim\Slim->run()
#9 {main}
ERROR - 2013-04-16T03:13:23+08:00 - exception 'ErrorException' with message 'Undefined index: create_at' in C:\xampp\htdocs\ta\public\index.php:202
Stack trace:
#0 C:\xampp\htdocs\ta\public\index.php(202): Slim\Slim::handleErrors(8, 'Undefined index...', 'C:\xampp\htdocs...', 202, Array)
#1 [internal function]: {closure}('7')
#2 C:\xampp\htdocs\ta\vendor\slim\slim\Slim\Router.php(172): call_user_func_array(Object(Closure), Array)
#3 C:\xampp\htdocs\ta\vendor\slim\slim\Slim\Slim.php(1222): Slim\Router->dispatch(Object(Slim\Route))
#4 C:\xampp\htdocs\ta\vendor\slim\slim\Slim\Middleware\Flash.php(86): Slim\Slim->call()
#5 C:\xampp\htdocs\ta\vendor\slim\slim\Slim\Middleware\MethodOverride.php(94): Slim\Middleware\Flash->call()
#6 C:\xampp\htdocs\ta\vendor\slim\slim\Slim\Middleware\PrettyExceptions.php(67): Slim\Middleware\MethodOverride->call()
#7 C:\xampp\htdocs\ta\vendor\slim\slim\Slim\Slim.php(1174): Slim\Middleware\PrettyExceptions->call()
#8 C:\xampp\htdocs\ta\public\index.php(215): Slim\Slim->run()
#9 {main}
ERROR - 2013-04-16T03:14:41+08:00 - exception 'ErrorException' with message 'Undefined index: create_at' in C:\xampp\htdocs\ta\public\index.php:202
Stack trace:
#0 C:\xampp\htdocs\ta\public\index.php(202): Slim\Slim::handleErrors(8, 'Undefined index...', 'C:\xampp\htdocs...', 202, Array)
#1 [internal function]: {closure}('7')
#2 C:\xampp\htdocs\ta\vendor\slim\slim\Slim\Router.php(172): call_user_func_array(Object(Closure), Array)
#3 C:\xampp\htdocs\ta\vendor\slim\slim\Slim\Slim.php(1222): Slim\Router->dispatch(Object(Slim\Route))
#4 C:\xampp\htdocs\ta\vendor\slim\slim\Slim\Middleware\Flash.php(86): Slim\Slim->call()
#5 C:\xampp\htdocs\ta\vendor\slim\slim\Slim\Middleware\MethodOverride.php(94): Slim\Middleware\Flash->call()
#6 C:\xampp\htdocs\ta\vendor\slim\slim\Slim\Middleware\PrettyExceptions.php(67): Slim\Middleware\MethodOverride->call()
#7 C:\xampp\htdocs\ta\vendor\slim\slim\Slim\Slim.php(1174): Slim\Middleware\PrettyExceptions->call()
#8 C:\xampp\htdocs\ta\public\index.php(215): Slim\Slim->run()
#9 {main}
ERROR - 2013-04-16T03:15:43+08:00 - exception 'ErrorException' with message 'Undefined index: create_at' in C:\xampp\htdocs\ta\public\index.php:202
Stack trace:
#0 C:\xampp\htdocs\ta\public\index.php(202): Slim\Slim::handleErrors(8, 'Undefined index...', 'C:\xampp\htdocs...', 202, Array)
#1 [internal function]: {closure}('6')
#2 C:\xampp\htdocs\ta\vendor\slim\slim\Slim\Router.php(172): call_user_func_array(Object(Closure), Array)
#3 C:\xampp\htdocs\ta\vendor\slim\slim\Slim\Slim.php(1222): Slim\Router->dispatch(Object(Slim\Route))
#4 C:\xampp\htdocs\ta\vendor\slim\slim\Slim\Middleware\Flash.php(86): Slim\Slim->call()
#5 C:\xampp\htdocs\ta\vendor\slim\slim\Slim\Middleware\MethodOverride.php(94): Slim\Middleware\Flash->call()
#6 C:\xampp\htdocs\ta\vendor\slim\slim\Slim\Middleware\PrettyExceptions.php(67): Slim\Middleware\MethodOverride->call()
#7 C:\xampp\htdocs\ta\vendor\slim\slim\Slim\Slim.php(1174): Slim\Middleware\PrettyExceptions->call()
#8 C:\xampp\htdocs\ta\public\index.php(215): Slim\Slim->run()
#9 {main}
ERROR - 2013-04-16T03:17:58+08:00 - exception 'ErrorException' with message 'Undefined index: create_at' in C:\xampp\htdocs\ta\public\index.php:200
Stack trace:
#0 C:\xampp\htdocs\ta\public\index.php(200): Slim\Slim::handleErrors(8, 'Undefined index...', 'C:\xampp\htdocs...', 200, Array)
#1 [internal function]: {closure}('6')
#2 C:\xampp\htdocs\ta\vendor\slim\slim\Slim\Router.php(172): call_user_func_array(Object(Closure), Array)
#3 C:\xampp\htdocs\ta\vendor\slim\slim\Slim\Slim.php(1222): Slim\Router->dispatch(Object(Slim\Route))
#4 C:\xampp\htdocs\ta\vendor\slim\slim\Slim\Middleware\Flash.php(86): Slim\Slim->call()
#5 C:\xampp\htdocs\ta\vendor\slim\slim\Slim\Middleware\MethodOverride.php(94): Slim\Middleware\Flash->call()
#6 C:\xampp\htdocs\ta\vendor\slim\slim\Slim\Middleware\PrettyExceptions.php(67): Slim\Middleware\MethodOverride->call()
#7 C:\xampp\htdocs\ta\vendor\slim\slim\Slim\Slim.php(1174): Slim\Middleware\PrettyExceptions->call()
#8 C:\xampp\htdocs\ta\public\index.php(213): Slim\Slim->run()
#9 {main}
ERROR - 2013-04-16T03:18:32+08:00 - exception 'ErrorException' with message 'Undefined index: create_at' in C:\xampp\htdocs\ta\public\index.php:201
Stack trace:
#0 C:\xampp\htdocs\ta\public\index.php(201): Slim\Slim::handleErrors(8, 'Undefined index...', 'C:\xampp\htdocs...', 201, Array)
#1 [internal function]: {closure}('6')
#2 C:\xampp\htdocs\ta\vendor\slim\slim\Slim\Router.php(172): call_user_func_array(Object(Closure), Array)
#3 C:\xampp\htdocs\ta\vendor\slim\slim\Slim\Slim.php(1222): Slim\Router->dispatch(Object(Slim\Route))
#4 C:\xampp\htdocs\ta\vendor\slim\slim\Slim\Middleware\Flash.php(86): Slim\Slim->call()
#5 C:\xampp\htdocs\ta\vendor\slim\slim\Slim\Middleware\MethodOverride.php(94): Slim\Middleware\Flash->call()
#6 C:\xampp\htdocs\ta\vendor\slim\slim\Slim\Middleware\PrettyExceptions.php(67): Slim\Middleware\MethodOverride->call()
#7 C:\xampp\htdocs\ta\vendor\slim\slim\Slim\Slim.php(1174): Slim\Middleware\PrettyExceptions->call()
#8 C:\xampp\htdocs\ta\public\index.php(214): Slim\Slim->run()
#9 {main}
ERROR - 2013-04-16T03:19:01+08:00 - exception 'ErrorException' with message 'Undefined index: create_at' in C:\xampp\htdocs\ta\public\index.php:201
Stack trace:
#0 C:\xampp\htdocs\ta\public\index.php(201): Slim\Slim::handleErrors(8, 'Undefined index...', 'C:\xampp\htdocs...', 201, Array)
#1 [internal function]: {closure}('7')
#2 C:\xampp\htdocs\ta\vendor\slim\slim\Slim\Router.php(172): call_user_func_array(Object(Closure), Array)
#3 C:\xampp\htdocs\ta\vendor\slim\slim\Slim\Slim.php(1222): Slim\Router->dispatch(Object(Slim\Route))
#4 C:\xampp\htdocs\ta\vendor\slim\slim\Slim\Middleware\Flash.php(86): Slim\Slim->call()
#5 C:\xampp\htdocs\ta\vendor\slim\slim\Slim\Middleware\MethodOverride.php(94): Slim\Middleware\Flash->call()
#6 C:\xampp\htdocs\ta\vendor\slim\slim\Slim\Middleware\PrettyExceptions.php(67): Slim\Middleware\MethodOverride->call()
#7 C:\xampp\htdocs\ta\vendor\slim\slim\Slim\Slim.php(1174): Slim\Middleware\PrettyExceptions->call()
#8 C:\xampp\htdocs\ta\public\index.php(214): Slim\Slim->run()
#9 {main}
ERROR - 2013-04-16T03:20:27+08:00 - exception 'ErrorException' with message 'Undefined index: create_at' in C:\xampp\htdocs\ta\public\index.php:200
Stack trace:
#0 C:\xampp\htdocs\ta\public\index.php(200): Slim\Slim::handleErrors(8, 'Undefined index...', 'C:\xampp\htdocs...', 200, Array)
#1 [internal function]: {closure}('7')
#2 C:\xampp\htdocs\ta\vendor\slim\slim\Slim\Router.php(172): call_user_func_array(Object(Closure), Array)
#3 C:\xampp\htdocs\ta\vendor\slim\slim\Slim\Slim.php(1222): Slim\Router->dispatch(Object(Slim\Route))
#4 C:\xampp\htdocs\ta\vendor\slim\slim\Slim\Middleware\Flash.php(86): Slim\Slim->call()
#5 C:\xampp\htdocs\ta\vendor\slim\slim\Slim\Middleware\MethodOverride.php(94): Slim\Middleware\Flash->call()
#6 C:\xampp\htdocs\ta\vendor\slim\slim\Slim\Middleware\PrettyExceptions.php(67): Slim\Middleware\MethodOverride->call()
#7 C:\xampp\htdocs\ta\vendor\slim\slim\Slim\Slim.php(1174): Slim\Middleware\PrettyExceptions->call()
#8 C:\xampp\htdocs\ta\public\index.php(213): Slim\Slim->run()
#9 {main}
ERROR - 2013-04-16T03:21:16+08:00 - exception 'ErrorException' with message 'Undefined index: create_at' in C:\xampp\htdocs\ta\public\index.php:200
Stack trace:
#0 C:\xampp\htdocs\ta\public\index.php(200): Slim\Slim::handleErrors(8, 'Undefined index...', 'C:\xampp\htdocs...', 200, Array)
#1 [internal function]: {closure}('7')
#2 C:\xampp\htdocs\ta\vendor\slim\slim\Slim\Router.php(172): call_user_func_array(Object(Closure), Array)
#3 C:\xampp\htdocs\ta\vendor\slim\slim\Slim\Slim.php(1222): Slim\Router->dispatch(Object(Slim\Route))
#4 C:\xampp\htdocs\ta\vendor\slim\slim\Slim\Middleware\Flash.php(86): Slim\Slim->call()
#5 C:\xampp\htdocs\ta\vendor\slim\slim\Slim\Middleware\MethodOverride.php(94): Slim\Middleware\Flash->call()
#6 C:\xampp\htdocs\ta\vendor\slim\slim\Slim\Middleware\PrettyExceptions.php(67): Slim\Middleware\MethodOverride->call()
#7 C:\xampp\htdocs\ta\vendor\slim\slim\Slim\Slim.php(1174): Slim\Middleware\PrettyExceptions->call()
#8 C:\xampp\htdocs\ta\public\index.php(213): Slim\Slim->run()
#9 {main}
ERROR - 2013-04-16T03:41:50+08:00 - exception 'Guzzle\Common\Exception\RuntimeException' with message 'Unable to parse response body into JSON: 4' in C:\xampp\htdocs\ta\vendor\guzzle\guzzle\src\Guzzle\Http\Message\Response.php:920
Stack trace:
#0 C:\xampp\htdocs\ta\src\TA\OAuth.php(88): Guzzle\Http\Message\Response->json()
#1 C:\xampp\htdocs\ta\src\TA\Client.php(72): TA\OAuth->get('http://api.loca...', Array)
#2 C:\xampp\htdocs\ta\public\index.php(185): TA\Client->gig_show('my_buy_order')
#3 [internal function]: {closure}('my_buy_order')
#4 C:\xampp\htdocs\ta\vendor\slim\slim\Slim\Router.php(172): call_user_func_array(Object(Closure), Array)
#5 C:\xampp\htdocs\ta\vendor\slim\slim\Slim\Slim.php(1222): Slim\Router->dispatch(Object(Slim\Route))
#6 C:\xampp\htdocs\ta\vendor\slim\slim\Slim\Middleware\Flash.php(86): Slim\Slim->call()
#7 C:\xampp\htdocs\ta\vendor\slim\slim\Slim\Middleware\MethodOverride.php(94): Slim\Middleware\Flash->call()
#8 C:\xampp\htdocs\ta\vendor\slim\slim\Slim\Middleware\PrettyExceptions.php(67): Slim\Middleware\MethodOverride->call()
#9 C:\xampp\htdocs\ta\vendor\slim\slim\Slim\Slim.php(1174): Slim\Middleware\PrettyExceptions->call()
#10 C:\xampp\htdocs\ta\public\index.php(213): Slim\Slim->run()
#11 {main}
ERROR - 2013-04-16T03:42:42+08:00 - exception 'Guzzle\Common\Exception\RuntimeException' with message 'Unable to parse response body into JSON: 4' in C:\xampp\htdocs\ta\vendor\guzzle\guzzle\src\Guzzle\Http\Message\Response.php:920
Stack trace:
#0 C:\xampp\htdocs\ta\src\TA\OAuth.php(88): Guzzle\Http\Message\Response->json()
#1 C:\xampp\htdocs\ta\src\TA\Client.php(72): TA\OAuth->get('http://api.loca...', Array)
#2 C:\xampp\htdocs\ta\public\index.php(185): TA\Client->gig_show('my_buy_order')
#3 [internal function]: {closure}('my_buy_order')
#4 C:\xampp\htdocs\ta\vendor\slim\slim\Slim\Router.php(172): call_user_func_array(Object(Closure), Array)
#5 C:\xampp\htdocs\ta\vendor\slim\slim\Slim\Slim.php(1222): Slim\Router->dispatch(Object(Slim\Route))
#6 C:\xampp\htdocs\ta\vendor\slim\slim\Slim\Middleware\Flash.php(86): Slim\Slim->call()
#7 C:\xampp\htdocs\ta\vendor\slim\slim\Slim\Middleware\MethodOverride.php(94): Slim\Middleware\Flash->call()
#8 C:\xampp\htdocs\ta\vendor\slim\slim\Slim\Middleware\PrettyExceptions.php(67): Slim\Middleware\MethodOverride->call()
#9 C:\xampp\htdocs\ta\vendor\slim\slim\Slim\Slim.php(1174): Slim\Middleware\PrettyExceptions->call()
#10 C:\xampp\htdocs\ta\public\index.php(213): Slim\Slim->run()
#11 {main}
ERROR - 2013-04-16T15:41:17+08:00 - exception 'ErrorException' with message 'Undefined index: create_at' in C:\xampp\htdocs\ta\public\index.php:204
Stack trace:
#0 C:\xampp\htdocs\ta\public\index.php(204): Slim\Slim::handleErrors(8, 'Undefined index...', 'C:\xampp\htdocs...', 204, Array)
#1 [internal function]: {closure}('10')
#2 C:\xampp\htdocs\ta\vendor\slim\slim\Slim\Router.php(172): call_user_func_array(Object(Closure), Array)
#3 C:\xampp\htdocs\ta\vendor\slim\slim\Slim\Slim.php(1222): Slim\Router->dispatch(Object(Slim\Route))
#4 C:\xampp\htdocs\ta\vendor\slim\slim\Slim\Middleware\Flash.php(86): Slim\Slim->call()
#5 C:\xampp\htdocs\ta\vendor\slim\slim\Slim\Middleware\MethodOverride.php(94): Slim\Middleware\Flash->call()
#6 C:\xampp\htdocs\ta\vendor\slim\slim\Slim\Middleware\PrettyExceptions.php(67): Slim\Middleware\MethodOverride->call()
#7 C:\xampp\htdocs\ta\vendor\slim\slim\Slim\Slim.php(1174): Slim\Middleware\PrettyExceptions->call()
#8 C:\xampp\htdocs\ta\public\index.php(225): Slim\Slim->run()
#9 {main}
