ERROR - 2013-03-26T21:32:39+08:00 - exception 'Twig_Error_Loader' with message 'Unable to find template "header.html" (looked into: ../templates) in "index.html" at line 1.' in C:\xampp\htdocs\ta\vendor\twig\twig\lib\Twig\Loader\Filesystem.php:198
Stack trace:
#0 C:\xampp\htdocs\ta\vendor\twig\twig\lib\Twig\Loader\Filesystem.php(134): Twig_Loader_Filesystem->findTemplate('header.html')
#1 C:\xampp\htdocs\ta\vendor\twig\twig\lib\Twig\Environment.php(266): Twig_Loader_Filesystem->getCacheKey('header.html')
#2 C:\xampp\htdocs\ta\vendor\twig\twig\lib\Twig\Environment.php(313): Twig_Environment->getTemplateClass('header.html', NULL)
#3 C:\xampp\htdocs\ta\vendor\twig\twig\lib\Twig\Environment.php(374): Twig_Environment->loadTemplate('header.html')
#4 C:\xampp\htdocs\ta\vendor\twig\twig\lib\Twig\Extension\Core.php(1282): Twig_Environment->resolveTemplate('header.html')
#5 C:\xampp\htdocs\ta\templates\cache\bd\c9\7d2b8ee63bbd72a3a6991eb09517.php(19): twig_include(Object(Twig_Environment), Array, 'header.html', Array, true, false, true)
#6 C:\xampp\htdocs\ta\vendor\twig\twig\lib\Twig\Template.php(265): __TwigTemplate_bdc97d2b8ee63bbd72a3a6991eb09517->doDisplay(Array, Array)
#7 C:\xampp\htdocs\ta\vendor\twig\twig\lib\Twig\Template.php(239): Twig_Template->displayWithErrorHandling(Array, Array)
#8 C:\xampp\htdocs\ta\vendor\twig\twig\lib\Twig\Template.php(250): Twig_Template->display(Array)
#9 C:\xampp\htdocs\ta\vendor\slim\extras\Slim\Extras\Views\Twig.php(99): Twig_Template->render(Array)
#10 C:\xampp\htdocs\ta\vendor\slim\slim\Slim\View.php(195): Slim\Extras\Views\Twig->render('index.html')
#11 C:\xampp\htdocs\ta\vendor\slim\slim\Slim\View.php(182): Slim\View->fetch('index.html')
#12 C:\xampp\htdocs\ta\vendor\slim\slim\Slim\Slim.php(672): Slim\View->display('index.html')
#13 C:\xampp\htdocs\ta\public\index.php(42): Slim\Slim->render('index.html', Array)
#14 [internal function]: {closure}()
#15 C:\xampp\htdocs\ta\vendor\slim\slim\Slim\Router.php(172): call_user_func_array(Object(Closure), Array)
#16 C:\xampp\htdocs\ta\vendor\slim\slim\Slim\Slim.php(1222): Slim\Router->dispatch(Object(Slim\Route))
#17 C:\xampp\htdocs\ta\vendor\slim\slim\Slim\Middleware\Flash.php(86): Slim\Slim->call()
#18 C:\xampp\htdocs\ta\vendor\slim\slim\Slim\Middleware\MethodOverride.php(94): Slim\Middleware\Flash->call()
#19 C:\xampp\htdocs\ta\vendor\slim\slim\Slim\Middleware\PrettyExceptions.php(67): Slim\Middleware\MethodOverride->call()
#20 C:\xampp\htdocs\ta\vendor\slim\slim\Slim\Slim.php(1174): Slim\Middleware\PrettyExceptions->call()
#21 C:\xampp\htdocs\ta\public\index.php(59): Slim\Slim->run()
#22 {main}
ERROR - 2013-03-26T21:52:29+08:00 - exception 'Twig_Error_Loader' with message 'Unable to find template "navigation.html" (looked into: ../templates) in "layout/header.html" at line 16.' in C:\xampp\htdocs\ta\vendor\twig\twig\lib\Twig\Loader\Filesystem.php:198
Stack trace:
#0 C:\xampp\htdocs\ta\vendor\twig\twig\lib\Twig\Loader\Filesystem.php(134): Twig_Loader_Filesystem->findTemplate('navigation.html')
#1 C:\xampp\htdocs\ta\vendor\twig\twig\lib\Twig\Environment.php(266): Twig_Loader_Filesystem->getCacheKey('navigation.html')
#2 C:\xampp\htdocs\ta\vendor\twig\twig\lib\Twig\Environment.php(313): Twig_Environment->getTemplateClass('navigation.html', NULL)
#3 C:\xampp\htdocs\ta\vendor\twig\twig\lib\Twig\Environment.php(374): Twig_Environment->loadTemplate('navigation.html')
#4 C:\xampp\htdocs\ta\vendor\twig\twig\lib\Twig\Extension\Core.php(1282): Twig_Environment->resolveTemplate('navigation.html')
#5 C:\xampp\htdocs\ta\templates\cache\3b\78\2f169882053eb9c8fb26f8af3952.php(36): twig_include(Object(Twig_Environment), Array, 'navigation.html', Array, true, false, true)
#6 C:\xampp\htdocs\ta\vendor\twig\twig\lib\Twig\Template.php(265): __TwigTemplate_3b782f169882053eb9c8fb26f8af3952->doDisplay(Array, Array)
#7 C:\xampp\htdocs\ta\vendor\twig\twig\lib\Twig\Template.php(239): Twig_Template->displayWithErrorHandling(Array, Array)
#8 C:\xampp\htdocs\ta\vendor\twig\twig\lib\Twig\Extension\Core.php(1282): Twig_Template->display(Array)
#9 C:\xampp\htdocs\ta\templates\cache\bd\c9\7d2b8ee63bbd72a3a6991eb09517.php(19): twig_include(Object(Twig_Environment), Array, 'layout/header.h...', Array, true, false, true)
#10 C:\xampp\htdocs\ta\vendor\twig\twig\lib\Twig\Template.php(265): __TwigTemplate_bdc97d2b8ee63bbd72a3a6991eb09517->doDisplay(Array, Array)
#11 C:\xampp\htdocs\ta\vendor\twig\twig\lib\Twig\Template.php(239): Twig_Template->displayWithErrorHandling(Array, Array)
#12 C:\xampp\htdocs\ta\vendor\twig\twig\lib\Twig\Template.php(250): Twig_Template->display(Array)
#13 C:\xampp\htdocs\ta\vendor\slim\extras\Slim\Extras\Views\Twig.php(99): Twig_Template->render(Array)
#14 C:\xampp\htdocs\ta\vendor\slim\slim\Slim\View.php(195): Slim\Extras\Views\Twig->render('index.html')
#15 C:\xampp\htdocs\ta\vendor\slim\slim\Slim\View.php(182): Slim\View->fetch('index.html')
#16 C:\xampp\htdocs\ta\vendor\slim\slim\Slim\Slim.php(672): Slim\View->display('index.html')
#17 C:\xampp\htdocs\ta\public\index.php(42): Slim\Slim->render('index.html', Array)
#18 [internal function]: {closure}()
#19 C:\xampp\htdocs\ta\vendor\slim\slim\Slim\Router.php(172): call_user_func_array(Object(Closure), Array)
#20 C:\xampp\htdocs\ta\vendor\slim\slim\Slim\Slim.php(1222): Slim\Router->dispatch(Object(Slim\Route))
#21 C:\xampp\htdocs\ta\vendor\slim\slim\Slim\Middleware\Flash.php(86): Slim\Slim->call()
#22 C:\xampp\htdocs\ta\vendor\slim\slim\Slim\Middleware\MethodOverride.php(94): Slim\Middleware\Flash->call()
#23 C:\xampp\htdocs\ta\vendor\slim\slim\Slim\Middleware\PrettyExceptions.php(67): Slim\Middleware\MethodOverride->call()
#24 C:\xampp\htdocs\ta\vendor\slim\slim\Slim\Slim.php(1174): Slim\Middleware\PrettyExceptions->call()
#25 C:\xampp\htdocs\ta\public\index.php(59): Slim\Slim->run()
#26 {main}
